CRITICAL - 2022-05-12 00:24:17 --> Undefined property: Config\LogFilter::$response
#0 C:\xampp_php7\htdocs\codeigniter4\system\API\ResponseTrait.php(327): CodeIgniter\Debug\Exceptions->errorHandler(8, 'Undefined prope...', 'C:\\xampp_php7\\h...', 327, Array)
#1 C:\xampp_php7\htdocs\codeigniter4\system\API\ResponseTrait.php(99): Config\LogFilter->format(Array)
#2 C:\xampp_php7\htdocs\codeigniter4\app\Config\Filters.php(112): Config\LogFilter->respond(Array, 200)
#3 C:\xampp_php7\htdocs\codeigniter4\system\Filters\Filters.php(173): Config\LogFilter->before(Object(CodeIgniter\HTTP\IncomingRequest), NULL)
#4 C:\xampp_php7\htdocs\codeigniter4\system\CodeIgniter.php(393): CodeIgniter\Filters\Filters->run('api/usuarios/', 'before')
#5 C:\xampp_php7\htdocs\codeigniter4\system\CodeIgniter.php(326): CodeIgniter\CodeIgniter->handleRequest(NULL, Object(Config\Cache), false)
#6 C:\xampp_php7\htdocs\codeigniter4\public\index.php(37): CodeIgniter\CodeIgniter->run()
#7 C:\xampp_php7\htdocs\codeigniter4\system\Commands\Server\rewrite.php(43): require_once('C:\\xampp_php7\\h...')
#8 {main}
CRITICAL - 2022-05-12 00:24:32 --> Undefined property: Config\LogFilter::$response
#0 C:\xampp_php7\htdocs\codeigniter4\system\API\ResponseTrait.php(327): CodeIgniter\Debug\Exceptions->errorHandler(8, 'Undefined prope...', 'C:\\xampp_php7\\h...', 327, Array)
#1 C:\xampp_php7\htdocs\codeigniter4\system\API\ResponseTrait.php(99): Config\LogFilter->format(Array)
#2 C:\xampp_php7\htdocs\codeigniter4\app\Config\Filters.php(112): Config\LogFilter->respond(Array, 200)
#3 C:\xampp_php7\htdocs\codeigniter4\system\Filters\Filters.php(173): Config\LogFilter->before(Object(CodeIgniter\HTTP\IncomingRequest), NULL)
#4 C:\xampp_php7\htdocs\codeigniter4\system\CodeIgniter.php(393): CodeIgniter\Filters\Filters->run('api/usuarios/', 'before')
#5 C:\xampp_php7\htdocs\codeigniter4\system\CodeIgniter.php(326): CodeIgniter\CodeIgniter->handleRequest(NULL, Object(Config\Cache), false)
#6 C:\xampp_php7\htdocs\codeigniter4\public\index.php(37): CodeIgniter\CodeIgniter->run()
#7 C:\xampp_php7\htdocs\codeigniter4\system\Commands\Server\rewrite.php(43): require_once('C:\\xampp_php7\\h...')
#8 {main}
CRITICAL - 2022-05-12 00:48:57 --> Undefined property: Config\LogFilter::$response
#0 C:\xampp_php7\htdocs\codeigniter4\system\API\ResponseTrait.php(327): CodeIgniter\Debug\Exceptions->errorHandler(8, 'Undefined prope...', 'C:\\xampp_php7\\h...', 327, Array)
#1 C:\xampp_php7\htdocs\codeigniter4\system\API\ResponseTrait.php(99): Config\LogFilter->format(Array)
#2 C:\xampp_php7\htdocs\codeigniter4\app\Config\Filters.php(112): Config\LogFilter->respond(Array, 200)
#3 C:\xampp_php7\htdocs\codeigniter4\system\Filters\Filters.php(173): Config\LogFilter->before(Object(CodeIgniter\HTTP\IncomingRequest), NULL)
#4 C:\xampp_php7\htdocs\codeigniter4\system\CodeIgniter.php(393): CodeIgniter\Filters\Filters->run('api/usuario/99', 'before')
#5 C:\xampp_php7\htdocs\codeigniter4\system\CodeIgniter.php(326): CodeIgniter\CodeIgniter->handleRequest(NULL, Object(Config\Cache), false)
#6 C:\xampp_php7\htdocs\codeigniter4\public\index.php(37): CodeIgniter\CodeIgniter->run()
#7 C:\xampp_php7\htdocs\codeigniter4\system\Commands\Server\rewrite.php(43): require_once('C:\\xampp_php7\\h...')
#8 {main}
CRITICAL - 2022-05-12 00:50:18 --> Undefined property: Config\LogFilter::$response
#0 C:\xampp_php7\htdocs\codeigniter4\system\API\ResponseTrait.php(327): CodeIgniter\Debug\Exceptions->errorHandler(8, 'Undefined prope...', 'C:\\xampp_php7\\h...', 327, Array)
#1 C:\xampp_php7\htdocs\codeigniter4\system\API\ResponseTrait.php(99): Config\LogFilter->format(Array)
#2 C:\xampp_php7\htdocs\codeigniter4\app\Config\Filters.php(112): Config\LogFilter->respond(Array, 200)
#3 C:\xampp_php7\htdocs\codeigniter4\system\Filters\Filters.php(173): Config\LogFilter->before(Object(CodeIgniter\HTTP\IncomingRequest), NULL)
#4 C:\xampp_php7\htdocs\codeigniter4\system\CodeIgniter.php(393): CodeIgniter\Filters\Filters->run('api/usuarios/', 'before')
#5 C:\xampp_php7\htdocs\codeigniter4\system\CodeIgniter.php(326): CodeIgniter\CodeIgniter->handleRequest(NULL, Object(Config\Cache), false)
#6 C:\xampp_php7\htdocs\codeigniter4\public\index.php(37): CodeIgniter\CodeIgniter->run()
#7 C:\xampp_php7\htdocs\codeigniter4\system\Commands\Server\rewrite.php(43): require_once('C:\\xampp_php7\\h...')
#8 {main}
CRITICAL - 2022-05-12 00:50:28 --> Undefined property: Config\LogFilter::$response
#0 C:\xampp_php7\htdocs\codeigniter4\system\API\ResponseTrait.php(327): CodeIgniter\Debug\Exceptions->errorHandler(8, 'Undefined prope...', 'C:\\xampp_php7\\h...', 327, Array)
#1 C:\xampp_php7\htdocs\codeigniter4\system\API\ResponseTrait.php(99): Config\LogFilter->format(Array)
#2 C:\xampp_php7\htdocs\codeigniter4\app\Config\Filters.php(112): Config\LogFilter->respond(Array, 200)
#3 C:\xampp_php7\htdocs\codeigniter4\system\Filters\Filters.php(173): Config\LogFilter->before(Object(CodeIgniter\HTTP\IncomingRequest), NULL)
#4 C:\xampp_php7\htdocs\codeigniter4\system\CodeIgniter.php(393): CodeIgniter\Filters\Filters->run('api/usuarios/', 'before')
#5 C:\xampp_php7\htdocs\codeigniter4\system\CodeIgniter.php(326): CodeIgniter\CodeIgniter->handleRequest(NULL, Object(Config\Cache), false)
#6 C:\xampp_php7\htdocs\codeigniter4\public\index.php(37): CodeIgniter\CodeIgniter->run()
#7 C:\xampp_php7\htdocs\codeigniter4\system\Commands\Server\rewrite.php(43): require_once('C:\\xampp_php7\\h...')
#8 {main}
CRITICAL - 2022-05-12 03:23:57 --> Cannot use object of type stdClass as array
#0 C:\xampp_php7\htdocs\codeigniter4\system\CodeIgniter.php(832): App\Controllers\API\Clientes->crear()
#1 C:\xampp_php7\htdocs\codeigniter4\system\CodeIgniter.php(419): CodeIgniter\CodeIgniter->runController(Object(App\Controllers\API\Clientes))
#2 C:\xampp_php7\htdocs\codeigniter4\system\CodeIgniter.php(326): CodeIgniter\CodeIgniter->handleRequest(NULL, Object(Config\Cache), false)
#3 C:\xampp_php7\htdocs\codeigniter4\public\index.php(37): CodeIgniter\CodeIgniter->run()
#4 C:\xampp_php7\htdocs\codeigniter4\system\Commands\Server\rewrite.php(43): require_once('C:\\xampp_php7\\h...')
#5 {main}
CRITICAL - 2022-05-12 03:24:27 --> Cannot use object of type stdClass as array
#0 C:\xampp_php7\htdocs\codeigniter4\system\CodeIgniter.php(832): App\Controllers\API\Clientes->crear()
#1 C:\xampp_php7\htdocs\codeigniter4\system\CodeIgniter.php(419): CodeIgniter\CodeIgniter->runController(Object(App\Controllers\API\Clientes))
#2 C:\xampp_php7\htdocs\codeigniter4\system\CodeIgniter.php(326): CodeIgniter\CodeIgniter->handleRequest(NULL, Object(Config\Cache), false)
#3 C:\xampp_php7\htdocs\codeigniter4\public\index.php(37): CodeIgniter\CodeIgniter->run()
#4 C:\xampp_php7\htdocs\codeigniter4\system\Commands\Server\rewrite.php(43): require_once('C:\\xampp_php7\\h...')
#5 {main}
CRITICAL - 2022-05-12 03:26:15 --> Cannot use object of type stdClass as array
#0 C:\xampp_php7\htdocs\codeigniter4\system\CodeIgniter.php(832): App\Controllers\API\Clientes->crear()
#1 C:\xampp_php7\htdocs\codeigniter4\system\CodeIgniter.php(419): CodeIgniter\CodeIgniter->runController(Object(App\Controllers\API\Clientes))
#2 C:\xampp_php7\htdocs\codeigniter4\system\CodeIgniter.php(326): CodeIgniter\CodeIgniter->handleRequest(NULL, Object(Config\Cache), false)
#3 C:\xampp_php7\htdocs\codeigniter4\public\index.php(37): CodeIgniter\CodeIgniter->run()
#4 C:\xampp_php7\htdocs\codeigniter4\system\Commands\Server\rewrite.php(43): require_once('C:\\xampp_php7\\h...')
#5 {main}
CRITICAL - 2022-05-12 03:53:49 --> Argument 1 passed to CodeIgniter\RESTful\ResourceController::failValidationError() must be of the type string, array given, called in C:\xampp_php7\htdocs\codeigniter4\app\Controllers\API\Clientes.php on line 104
#0 C:\xampp_php7\htdocs\codeigniter4\app\Controllers\API\Clientes.php(104): CodeIgniter\RESTful\ResourceController->failValidationError(Array)
#1 C:\xampp_php7\htdocs\codeigniter4\system\CodeIgniter.php(832): App\Controllers\API\Clientes->crear()
#2 C:\xampp_php7\htdocs\codeigniter4\system\CodeIgniter.php(419): CodeIgniter\CodeIgniter->runController(Object(App\Controllers\API\Clientes))
#3 C:\xampp_php7\htdocs\codeigniter4\system\CodeIgniter.php(326): CodeIgniter\CodeIgniter->handleRequest(NULL, Object(Config\Cache), false)
#4 C:\xampp_php7\htdocs\codeigniter4\public\index.php(37): CodeIgniter\CodeIgniter->run()
#5 C:\xampp_php7\htdocs\codeigniter4\system\Commands\Server\rewrite.php(43): require_once('C:\\xampp_php7\\h...')
#6 {main}
CRITICAL - 2022-05-12 11:25:21 --> Undefined property: Config\LogFilter::$response
#0 C:\xampp_php7\htdocs\codeigniter4\system\API\ResponseTrait.php(327): CodeIgniter\Debug\Exceptions->errorHandler(8, 'Undefined prope...', 'C:\\xampp_php7\\h...', 327, Array)
#1 C:\xampp_php7\htdocs\codeigniter4\system\API\ResponseTrait.php(99): Config\LogFilter->format(Array)
#2 C:\xampp_php7\htdocs\codeigniter4\app\Config\Filters.php(112): Config\LogFilter->respond(Array, 200)
#3 C:\xampp_php7\htdocs\codeigniter4\system\Filters\Filters.php(173): Config\LogFilter->before(Object(CodeIgniter\HTTP\IncomingRequest), NULL)
#4 C:\xampp_php7\htdocs\codeigniter4\system\CodeIgniter.php(393): CodeIgniter\Filters\Filters->run('api/usuario/99', 'before')
#5 C:\xampp_php7\htdocs\codeigniter4\system\CodeIgniter.php(326): CodeIgniter\CodeIgniter->handleRequest(NULL, Object(Config\Cache), false)
#6 C:\xampp_php7\htdocs\codeigniter4\public\index.php(37): CodeIgniter\CodeIgniter->run()
#7 C:\xampp_php7\htdocs\codeigniter4\system\Commands\Server\rewrite.php(43): require_once('C:\\xampp_php7\\h...')
#8 {main}
CRITICAL - 2022-05-12 12:30:09 --> Undefined property: Config\LogFilter::$response
#0 C:\xampp_php7\htdocs\codeigniter4\system\API\ResponseTrait.php(327): CodeIgniter\Debug\Exceptions->errorHandler(8, 'Undefined prope...', 'C:\\xampp_php7\\h...', 327, Array)
#1 C:\xampp_php7\htdocs\codeigniter4\system\API\ResponseTrait.php(99): Config\LogFilter->format(Array)
#2 C:\xampp_php7\htdocs\codeigniter4\app\Config\Filters.php(112): Config\LogFilter->respond(Array, 200)
#3 C:\xampp_php7\htdocs\codeigniter4\system\Filters\Filters.php(173): Config\LogFilter->before(Object(CodeIgniter\HTTP\IncomingRequest), NULL)
#4 C:\xampp_php7\htdocs\codeigniter4\system\CodeIgniter.php(393): CodeIgniter\Filters\Filters->run('api/usuario/99', 'before')
#5 C:\xampp_php7\htdocs\codeigniter4\system\CodeIgniter.php(326): CodeIgniter\CodeIgniter->handleRequest(NULL, Object(Config\Cache), false)
#6 C:\xampp_php7\htdocs\codeigniter4\public\index.php(37): CodeIgniter\CodeIgniter->run()
#7 C:\xampp_php7\htdocs\codeigniter4\system\Commands\Server\rewrite.php(43): require_once('C:\\xampp_php7\\h...')
#8 {main}
CRITICAL - 2022-05-12 12:30:34 --> Undefined property: Config\LogFilter::$response
#0 C:\xampp_php7\htdocs\codeigniter4\system\API\ResponseTrait.php(327): CodeIgniter\Debug\Exceptions->errorHandler(8, 'Undefined prope...', 'C:\\xampp_php7\\h...', 327, Array)
#1 C:\xampp_php7\htdocs\codeigniter4\system\API\ResponseTrait.php(99): Config\LogFilter->format(Array)
#2 C:\xampp_php7\htdocs\codeigniter4\app\Config\Filters.php(112): Config\LogFilter->respond(Array, 200)
#3 C:\xampp_php7\htdocs\codeigniter4\system\Filters\Filters.php(173): Config\LogFilter->before(Object(CodeIgniter\HTTP\IncomingRequest), NULL)
#4 C:\xampp_php7\htdocs\codeigniter4\system\CodeIgniter.php(393): CodeIgniter\Filters\Filters->run('api/usuario/99', 'before')
#5 C:\xampp_php7\htdocs\codeigniter4\system\CodeIgniter.php(326): CodeIgniter\CodeIgniter->handleRequest(NULL, Object(Config\Cache), false)
#6 C:\xampp_php7\htdocs\codeigniter4\public\index.php(37): CodeIgniter\CodeIgniter->run()
#7 C:\xampp_php7\htdocs\codeigniter4\system\Commands\Server\rewrite.php(43): require_once('C:\\xampp_php7\\h...')
#8 {main}
CRITICAL - 2022-05-12 13:28:22 --> Undefined property: Config\LogFilter::$response
#0 C:\xampp_php7\htdocs\codeigniter4\system\API\ResponseTrait.php(327): CodeIgniter\Debug\Exceptions->errorHandler(8, 'Undefined prope...', 'C:\\xampp_php7\\h...', 327, Array)
#1 C:\xampp_php7\htdocs\codeigniter4\system\API\ResponseTrait.php(99): Config\LogFilter->format(Array)
#2 C:\xampp_php7\htdocs\codeigniter4\app\Config\Filters.php(130): Config\LogFilter->respond(Array, 200)
#3 C:\xampp_php7\htdocs\codeigniter4\system\Filters\Filters.php(173): Config\LogFilter->before(Object(CodeIgniter\HTTP\IncomingRequest), NULL)
#4 C:\xampp_php7\htdocs\codeigniter4\system\CodeIgniter.php(393): CodeIgniter\Filters\Filters->run('api/usuario/500', 'before')
#5 C:\xampp_php7\htdocs\codeigniter4\system\CodeIgniter.php(326): CodeIgniter\CodeIgniter->handleRequest(NULL, Object(Config\Cache), false)
#6 C:\xampp_php7\htdocs\codeigniter4\public\index.php(37): CodeIgniter\CodeIgniter->run()
#7 C:\xampp_php7\htdocs\codeigniter4\system\Commands\Server\rewrite.php(43): require_once('C:\\xampp_php7\\h...')
#8 {main}
