CRITICAL - 2022-05-11 20:05:57 --> Call to undefined method App\Controllers\Home::faildNotFound()
#0 C:\xampp_php7\htdocs\codeigniter4\system\CodeIgniter.php(832): App\Controllers\Home->log()
#1 C:\xampp_php7\htdocs\codeigniter4\system\CodeIgniter.php(419): CodeIgniter\CodeIgniter->runController(Object(App\Controllers\Home))
#2 C:\xampp_php7\htdocs\codeigniter4\system\CodeIgniter.php(326): CodeIgniter\CodeIgniter->handleRequest(NULL, Object(Config\Cache), false)
#3 C:\xampp_php7\htdocs\codeigniter4\public\index.php(37): CodeIgniter\CodeIgniter->run()
#4 C:\xampp_php7\htdocs\codeigniter4\system\Commands\Server\rewrite.php(43): require_once('C:\\xampp_php7\\h...')
#5 {main}
CRITICAL - 2022-05-11 20:58:24 --> Call to undefined method App\Controllers\Home::faildNotFound()
#0 C:\xampp_php7\htdocs\codeigniter4\system\CodeIgniter.php(832): App\Controllers\Home->log()
#1 C:\xampp_php7\htdocs\codeigniter4\system\CodeIgniter.php(419): CodeIgniter\CodeIgniter->runController(Object(App\Controllers\Home))
#2 C:\xampp_php7\htdocs\codeigniter4\system\CodeIgniter.php(326): CodeIgniter\CodeIgniter->handleRequest(NULL, Object(Config\Cache), false)
#3 C:\xampp_php7\htdocs\codeigniter4\public\index.php(37): CodeIgniter\CodeIgniter->run()
#4 C:\xampp_php7\htdocs\codeigniter4\system\Commands\Server\rewrite.php(43): require_once('C:\\xampp_php7\\h...')
#5 {main}
CRITICAL - 2022-05-11 20:59:34 --> Call to undefined method App\Controllers\Home::faildNotFound()
#0 C:\xampp_php7\htdocs\codeigniter4\system\CodeIgniter.php(832): App\Controllers\Home->log()
#1 C:\xampp_php7\htdocs\codeigniter4\system\CodeIgniter.php(419): CodeIgniter\CodeIgniter->runController(Object(App\Controllers\Home))
#2 C:\xampp_php7\htdocs\codeigniter4\system\CodeIgniter.php(326): CodeIgniter\CodeIgniter->handleRequest(NULL, Object(Config\Cache), false)
#3 C:\xampp_php7\htdocs\codeigniter4\public\index.php(37): CodeIgniter\CodeIgniter->run()
#4 C:\xampp_php7\htdocs\codeigniter4\system\Commands\Server\rewrite.php(43): require_once('C:\\xampp_php7\\h...')
#5 {main}
CRITICAL - 2022-05-11 21:01:04 --> Call to undefined method App\Controllers\Home::faildNotFound()
#0 C:\xampp_php7\htdocs\codeigniter4\system\CodeIgniter.php(832): App\Controllers\Home->log()
#1 C:\xampp_php7\htdocs\codeigniter4\system\CodeIgniter.php(419): CodeIgniter\CodeIgniter->runController(Object(App\Controllers\Home))
#2 C:\xampp_php7\htdocs\codeigniter4\system\CodeIgniter.php(326): CodeIgniter\CodeIgniter->handleRequest(NULL, Object(Config\Cache), false)
#3 C:\xampp_php7\htdocs\codeigniter4\public\index.php(37): CodeIgniter\CodeIgniter->run()
#4 C:\xampp_php7\htdocs\codeigniter4\system\Commands\Server\rewrite.php(43): require_once('C:\\xampp_php7\\h...')
#5 {main}
CRITICAL - 2022-05-11 21:01:41 --> Call to undefined method App\Controllers\Home::faildNotFound()
#0 C:\xampp_php7\htdocs\codeigniter4\system\CodeIgniter.php(832): App\Controllers\Home->log()
#1 C:\xampp_php7\htdocs\codeigniter4\system\CodeIgniter.php(419): CodeIgniter\CodeIgniter->runController(Object(App\Controllers\Home))
#2 C:\xampp_php7\htdocs\codeigniter4\system\CodeIgniter.php(326): CodeIgniter\CodeIgniter->handleRequest(NULL, Object(Config\Cache), false)
#3 C:\xampp_php7\htdocs\codeigniter4\public\index.php(37): CodeIgniter\CodeIgniter->run()
#4 C:\xampp_php7\htdocs\codeigniter4\system\Commands\Server\rewrite.php(43): require_once('C:\\xampp_php7\\h...')
#5 {main}
CRITICAL - 2022-05-11 21:02:04 --> Call to undefined method App\Controllers\Home::faildNotFound()
#0 C:\xampp_php7\htdocs\codeigniter4\system\CodeIgniter.php(832): App\Controllers\Home->log()
#1 C:\xampp_php7\htdocs\codeigniter4\system\CodeIgniter.php(419): CodeIgniter\CodeIgniter->runController(Object(App\Controllers\Home))
#2 C:\xampp_php7\htdocs\codeigniter4\system\CodeIgniter.php(326): CodeIgniter\CodeIgniter->handleRequest(NULL, Object(Config\Cache), false)
#3 C:\xampp_php7\htdocs\codeigniter4\public\index.php(37): CodeIgniter\CodeIgniter->run()
#4 C:\xampp_php7\htdocs\codeigniter4\system\Commands\Server\rewrite.php(43): require_once('C:\\xampp_php7\\h...')
#5 {main}
CRITICAL - 2022-05-11 21:02:35 --> Call to undefined method App\Controllers\Home::faildNotFound()
#0 C:\xampp_php7\htdocs\codeigniter4\system\CodeIgniter.php(832): App\Controllers\Home->log()
#1 C:\xampp_php7\htdocs\codeigniter4\system\CodeIgniter.php(419): CodeIgniter\CodeIgniter->runController(Object(App\Controllers\Home))
#2 C:\xampp_php7\htdocs\codeigniter4\system\CodeIgniter.php(326): CodeIgniter\CodeIgniter->handleRequest(NULL, Object(Config\Cache), false)
#3 C:\xampp_php7\htdocs\codeigniter4\public\index.php(37): CodeIgniter\CodeIgniter->run()
#4 C:\xampp_php7\htdocs\codeigniter4\system\Commands\Server\rewrite.php(43): require_once('C:\\xampp_php7\\h...')
#5 {main}
CRITICAL - 2022-05-11 21:08:48 --> Call to undefined method App\Controllers\Home::faildNotFound()
#0 C:\xampp_php7\htdocs\codeigniter4\system\CodeIgniter.php(832): App\Controllers\Home->log()
#1 C:\xampp_php7\htdocs\codeigniter4\system\CodeIgniter.php(419): CodeIgniter\CodeIgniter->runController(Object(App\Controllers\Home))
#2 C:\xampp_php7\htdocs\codeigniter4\system\CodeIgniter.php(326): CodeIgniter\CodeIgniter->handleRequest(NULL, Object(Config\Cache), false)
#3 C:\xampp_php7\htdocs\codeigniter4\public\index.php(37): CodeIgniter\CodeIgniter->run()
#4 C:\xampp_php7\htdocs\codeigniter4\system\Commands\Server\rewrite.php(43): require_once('C:\\xampp_php7\\h...')
#5 {main}
CRITICAL - 2022-05-11 21:09:08 --> Call to undefined method App\Controllers\Home::faildNotFound()
#0 C:\xampp_php7\htdocs\codeigniter4\system\CodeIgniter.php(832): App\Controllers\Home->log()
#1 C:\xampp_php7\htdocs\codeigniter4\system\CodeIgniter.php(419): CodeIgniter\CodeIgniter->runController(Object(App\Controllers\Home))
#2 C:\xampp_php7\htdocs\codeigniter4\system\CodeIgniter.php(326): CodeIgniter\CodeIgniter->handleRequest(NULL, Object(Config\Cache), false)
#3 C:\xampp_php7\htdocs\codeigniter4\public\index.php(37): CodeIgniter\CodeIgniter->run()
#4 C:\xampp_php7\htdocs\codeigniter4\system\Commands\Server\rewrite.php(43): require_once('C:\\xampp_php7\\h...')
#5 {main}
CRITICAL - 2022-05-11 21:10:09 --> Call to undefined method App\Controllers\Home::faildNotFound()
#0 C:\xampp_php7\htdocs\codeigniter4\system\CodeIgniter.php(832): App\Controllers\Home->log()
#1 C:\xampp_php7\htdocs\codeigniter4\system\CodeIgniter.php(419): CodeIgniter\CodeIgniter->runController(Object(App\Controllers\Home))
#2 C:\xampp_php7\htdocs\codeigniter4\system\CodeIgniter.php(326): CodeIgniter\CodeIgniter->handleRequest(NULL, Object(Config\Cache), false)
#3 C:\xampp_php7\htdocs\codeigniter4\public\index.php(37): CodeIgniter\CodeIgniter->run()
#4 C:\xampp_php7\htdocs\codeigniter4\system\Commands\Server\rewrite.php(43): require_once('C:\\xampp_php7\\h...')
#5 {main}
CRITICAL - 2022-05-11 21:10:58 --> Call to undefined method App\Controllers\Home::faildNotFound()
#0 C:\xampp_php7\htdocs\codeigniter4\system\CodeIgniter.php(832): App\Controllers\Home->log()
#1 C:\xampp_php7\htdocs\codeigniter4\system\CodeIgniter.php(419): CodeIgniter\CodeIgniter->runController(Object(App\Controllers\Home))
#2 C:\xampp_php7\htdocs\codeigniter4\system\CodeIgniter.php(326): CodeIgniter\CodeIgniter->handleRequest(NULL, Object(Config\Cache), false)
#3 C:\xampp_php7\htdocs\codeigniter4\public\index.php(37): CodeIgniter\CodeIgniter->run()
#4 C:\xampp_php7\htdocs\codeigniter4\system\Commands\Server\rewrite.php(43): require_once('C:\\xampp_php7\\h...')
#5 {main}
CRITICAL - 2022-05-11 21:11:04 --> Call to undefined method App\Controllers\Home::faildNotFound()
#0 C:\xampp_php7\htdocs\codeigniter4\system\CodeIgniter.php(832): App\Controllers\Home->log()
#1 C:\xampp_php7\htdocs\codeigniter4\system\CodeIgniter.php(419): CodeIgniter\CodeIgniter->runController(Object(App\Controllers\Home))
#2 C:\xampp_php7\htdocs\codeigniter4\system\CodeIgniter.php(326): CodeIgniter\CodeIgniter->handleRequest(NULL, Object(Config\Cache), false)
#3 C:\xampp_php7\htdocs\codeigniter4\public\index.php(37): CodeIgniter\CodeIgniter->run()
#4 C:\xampp_php7\htdocs\codeigniter4\system\Commands\Server\rewrite.php(43): require_once('C:\\xampp_php7\\h...')
#5 {main}
CRITICAL - 2022-05-11 21:12:24 --> Call to undefined method App\Controllers\Home::faildNotFound()
#0 C:\xampp_php7\htdocs\codeigniter4\system\CodeIgniter.php(832): App\Controllers\Home->log()
#1 C:\xampp_php7\htdocs\codeigniter4\system\CodeIgniter.php(419): CodeIgniter\CodeIgniter->runController(Object(App\Controllers\Home))
#2 C:\xampp_php7\htdocs\codeigniter4\system\CodeIgniter.php(326): CodeIgniter\CodeIgniter->handleRequest(NULL, Object(Config\Cache), false)
#3 C:\xampp_php7\htdocs\codeigniter4\public\index.php(37): CodeIgniter\CodeIgniter->run()
#4 C:\xampp_php7\htdocs\codeigniter4\system\Commands\Server\rewrite.php(43): require_once('C:\\xampp_php7\\h...')
#5 {main}
CRITICAL - 2022-05-11 21:17:13 --> Call to undefined method App\Controllers\Home::faildNotFound()
#0 C:\xampp_php7\htdocs\codeigniter4\system\CodeIgniter.php(832): App\Controllers\Home->log()
#1 C:\xampp_php7\htdocs\codeigniter4\system\CodeIgniter.php(419): CodeIgniter\CodeIgniter->runController(Object(App\Controllers\Home))
#2 C:\xampp_php7\htdocs\codeigniter4\system\CodeIgniter.php(326): CodeIgniter\CodeIgniter->handleRequest(NULL, Object(Config\Cache), false)
#3 C:\xampp_php7\htdocs\codeigniter4\public\index.php(37): CodeIgniter\CodeIgniter->run()
#4 C:\xampp_php7\htdocs\codeigniter4\system\Commands\Server\rewrite.php(43): require_once('C:\\xampp_php7\\h...')
#5 {main}
CRITICAL - 2022-05-11 21:25:53 --> Call to undefined method App\Controllers\Home::faildNotFound()
#0 C:\xampp_php7\htdocs\codeigniter4\system\CodeIgniter.php(832): App\Controllers\Home->log()
#1 C:\xampp_php7\htdocs\codeigniter4\system\CodeIgniter.php(419): CodeIgniter\CodeIgniter->runController(Object(App\Controllers\Home))
#2 C:\xampp_php7\htdocs\codeigniter4\system\CodeIgniter.php(326): CodeIgniter\CodeIgniter->handleRequest(NULL, Object(Config\Cache), false)
#3 C:\xampp_php7\htdocs\codeigniter4\public\index.php(37): CodeIgniter\CodeIgniter->run()
#4 C:\xampp_php7\htdocs\codeigniter4\system\Commands\Server\rewrite.php(43): require_once('C:\\xampp_php7\\h...')
#5 {main}
CRITICAL - 2022-05-11 21:26:55 --> Call to undefined method App\Controllers\Home::faildNotFound()
#0 C:\xampp_php7\htdocs\codeigniter4\system\CodeIgniter.php(832): App\Controllers\Home->log()
#1 C:\xampp_php7\htdocs\codeigniter4\system\CodeIgniter.php(419): CodeIgniter\CodeIgniter->runController(Object(App\Controllers\Home))
#2 C:\xampp_php7\htdocs\codeigniter4\system\CodeIgniter.php(326): CodeIgniter\CodeIgniter->handleRequest(NULL, Object(Config\Cache), false)
#3 C:\xampp_php7\htdocs\codeigniter4\public\index.php(37): CodeIgniter\CodeIgniter->run()
#4 C:\xampp_php7\htdocs\codeigniter4\system\Commands\Server\rewrite.php(43): require_once('C:\\xampp_php7\\h...')
#5 {main}
CRITICAL - 2022-05-11 21:27:51 --> Call to undefined method App\Controllers\Home::faildNotFound()
#0 C:\xampp_php7\htdocs\codeigniter4\system\CodeIgniter.php(832): App\Controllers\Home->log()
#1 C:\xampp_php7\htdocs\codeigniter4\system\CodeIgniter.php(419): CodeIgniter\CodeIgniter->runController(Object(App\Controllers\Home))
#2 C:\xampp_php7\htdocs\codeigniter4\system\CodeIgniter.php(326): CodeIgniter\CodeIgniter->handleRequest(NULL, Object(Config\Cache), false)
#3 C:\xampp_php7\htdocs\codeigniter4\public\index.php(37): CodeIgniter\CodeIgniter->run()
#4 C:\xampp_php7\htdocs\codeigniter4\system\Commands\Server\rewrite.php(43): require_once('C:\\xampp_php7\\h...')
#5 {main}
CRITICAL - 2022-05-11 21:28:51 --> Call to undefined method App\Controllers\Home::faildNotFound()
#0 C:\xampp_php7\htdocs\codeigniter4\system\CodeIgniter.php(832): App\Controllers\Home->log()
#1 C:\xampp_php7\htdocs\codeigniter4\system\CodeIgniter.php(419): CodeIgniter\CodeIgniter->runController(Object(App\Controllers\Home))
#2 C:\xampp_php7\htdocs\codeigniter4\system\CodeIgniter.php(326): CodeIgniter\CodeIgniter->handleRequest(NULL, Object(Config\Cache), false)
#3 C:\xampp_php7\htdocs\codeigniter4\public\index.php(37): CodeIgniter\CodeIgniter->run()
#4 C:\xampp_php7\htdocs\codeigniter4\system\Commands\Server\rewrite.php(43): require_once('C:\\xampp_php7\\h...')
#5 {main}
CRITICAL - 2022-05-11 21:29:40 --> Call to undefined method App\Controllers\Home::faildNotFound()
#0 C:\xampp_php7\htdocs\codeigniter4\system\CodeIgniter.php(832): App\Controllers\Home->log()
#1 C:\xampp_php7\htdocs\codeigniter4\system\CodeIgniter.php(419): CodeIgniter\CodeIgniter->runController(Object(App\Controllers\Home))
#2 C:\xampp_php7\htdocs\codeigniter4\system\CodeIgniter.php(326): CodeIgniter\CodeIgniter->handleRequest(NULL, Object(Config\Cache), false)
#3 C:\xampp_php7\htdocs\codeigniter4\public\index.php(37): CodeIgniter\CodeIgniter->run()
#4 C:\xampp_php7\htdocs\codeigniter4\system\Commands\Server\rewrite.php(43): require_once('C:\\xampp_php7\\h...')
#5 {main}
CRITICAL - 2022-05-11 21:33:37 --> Call to undefined method App\Controllers\Home::faildNotFound()
#0 C:\xampp_php7\htdocs\codeigniter4\system\CodeIgniter.php(832): App\Controllers\Home->log()
#1 C:\xampp_php7\htdocs\codeigniter4\system\CodeIgniter.php(419): CodeIgniter\CodeIgniter->runController(Object(App\Controllers\Home))
#2 C:\xampp_php7\htdocs\codeigniter4\system\CodeIgniter.php(326): CodeIgniter\CodeIgniter->handleRequest(NULL, Object(Config\Cache), false)
#3 C:\xampp_php7\htdocs\codeigniter4\public\index.php(37): CodeIgniter\CodeIgniter->run()
#4 C:\xampp_php7\htdocs\codeigniter4\system\Commands\Server\rewrite.php(43): require_once('C:\\xampp_php7\\h...')
#5 {main}
CRITICAL - 2022-05-11 21:34:10 --> Call to undefined method App\Controllers\Home::faildNotFound()
#0 C:\xampp_php7\htdocs\codeigniter4\system\CodeIgniter.php(832): App\Controllers\Home->log()
#1 C:\xampp_php7\htdocs\codeigniter4\system\CodeIgniter.php(419): CodeIgniter\CodeIgniter->runController(Object(App\Controllers\Home))
#2 C:\xampp_php7\htdocs\codeigniter4\system\CodeIgniter.php(326): CodeIgniter\CodeIgniter->handleRequest(NULL, Object(Config\Cache), false)
#3 C:\xampp_php7\htdocs\codeigniter4\public\index.php(37): CodeIgniter\CodeIgniter->run()
#4 C:\xampp_php7\htdocs\codeigniter4\system\Commands\Server\rewrite.php(43): require_once('C:\\xampp_php7\\h...')
#5 {main}
CRITICAL - 2022-05-11 21:41:42 --> Call to undefined method App\Controllers\Home::faildNotFound()
#0 C:\xampp_php7\htdocs\codeigniter4\system\CodeIgniter.php(832): App\Controllers\Home->log()
#1 C:\xampp_php7\htdocs\codeigniter4\system\CodeIgniter.php(419): CodeIgniter\CodeIgniter->runController(Object(App\Controllers\Home))
#2 C:\xampp_php7\htdocs\codeigniter4\system\CodeIgniter.php(326): CodeIgniter\CodeIgniter->handleRequest(NULL, Object(Config\Cache), false)
#3 C:\xampp_php7\htdocs\codeigniter4\public\index.php(37): CodeIgniter\CodeIgniter->run()
#4 C:\xampp_php7\htdocs\codeigniter4\system\Commands\Server\rewrite.php(43): require_once('C:\\xampp_php7\\h...')
#5 {main}
CRITICAL - 2022-05-11 21:48:06 --> Call to undefined method App\Controllers\Home::faildNotFound()
#0 C:\xampp_php7\htdocs\codeigniter4\system\CodeIgniter.php(832): App\Controllers\Home->log()
#1 C:\xampp_php7\htdocs\codeigniter4\system\CodeIgniter.php(419): CodeIgniter\CodeIgniter->runController(Object(App\Controllers\Home))
#2 C:\xampp_php7\htdocs\codeigniter4\system\CodeIgniter.php(326): CodeIgniter\CodeIgniter->handleRequest(NULL, Object(Config\Cache), false)
#3 C:\xampp_php7\htdocs\codeigniter4\public\index.php(37): CodeIgniter\CodeIgniter->run()
#4 C:\xampp_php7\htdocs\codeigniter4\system\Commands\Server\rewrite.php(43): require_once('C:\\xampp_php7\\h...')
#5 {main}
CRITICAL - 2022-05-11 21:52:20 --> Call to undefined method App\Controllers\Home::faildNotFound()
#0 C:\xampp_php7\htdocs\codeigniter4\system\CodeIgniter.php(832): App\Controllers\Home->log()
#1 C:\xampp_php7\htdocs\codeigniter4\system\CodeIgniter.php(419): CodeIgniter\CodeIgniter->runController(Object(App\Controllers\Home))
#2 C:\xampp_php7\htdocs\codeigniter4\system\CodeIgniter.php(326): CodeIgniter\CodeIgniter->handleRequest(NULL, Object(Config\Cache), false)
#3 C:\xampp_php7\htdocs\codeigniter4\public\index.php(37): CodeIgniter\CodeIgniter->run()
#4 C:\xampp_php7\htdocs\codeigniter4\system\Commands\Server\rewrite.php(43): require_once('C:\\xampp_php7\\h...')
#5 {main}
CRITICAL - 2022-05-11 21:53:11 --> Call to undefined method App\Controllers\Home::faildNotFound()
#0 C:\xampp_php7\htdocs\codeigniter4\system\CodeIgniter.php(832): App\Controllers\Home->log()
#1 C:\xampp_php7\htdocs\codeigniter4\system\CodeIgniter.php(419): CodeIgniter\CodeIgniter->runController(Object(App\Controllers\Home))
#2 C:\xampp_php7\htdocs\codeigniter4\system\CodeIgniter.php(326): CodeIgniter\CodeIgniter->handleRequest(NULL, Object(Config\Cache), false)
#3 C:\xampp_php7\htdocs\codeigniter4\public\index.php(37): CodeIgniter\CodeIgniter->run()
#4 C:\xampp_php7\htdocs\codeigniter4\system\Commands\Server\rewrite.php(43): require_once('C:\\xampp_php7\\h...')
#5 {main}
CRITICAL - 2022-05-11 21:53:31 --> Call to undefined method App\Controllers\Home::faildNotFound()
#0 C:\xampp_php7\htdocs\codeigniter4\system\CodeIgniter.php(832): App\Controllers\Home->log()
#1 C:\xampp_php7\htdocs\codeigniter4\system\CodeIgniter.php(419): CodeIgniter\CodeIgniter->runController(Object(App\Controllers\Home))
#2 C:\xampp_php7\htdocs\codeigniter4\system\CodeIgniter.php(326): CodeIgniter\CodeIgniter->handleRequest(NULL, Object(Config\Cache), false)
#3 C:\xampp_php7\htdocs\codeigniter4\public\index.php(37): CodeIgniter\CodeIgniter->run()
#4 C:\xampp_php7\htdocs\codeigniter4\system\Commands\Server\rewrite.php(43): require_once('C:\\xampp_php7\\h...')
#5 {main}
CRITICAL - 2022-05-11 21:53:41 --> Call to undefined method App\Controllers\Home::faildNotFound()
#0 C:\xampp_php7\htdocs\codeigniter4\system\CodeIgniter.php(832): App\Controllers\Home->log()
#1 C:\xampp_php7\htdocs\codeigniter4\system\CodeIgniter.php(419): CodeIgniter\CodeIgniter->runController(Object(App\Controllers\Home))
#2 C:\xampp_php7\htdocs\codeigniter4\system\CodeIgniter.php(326): CodeIgniter\CodeIgniter->handleRequest(NULL, Object(Config\Cache), false)
#3 C:\xampp_php7\htdocs\codeigniter4\public\index.php(37): CodeIgniter\CodeIgniter->run()
#4 C:\xampp_php7\htdocs\codeigniter4\system\Commands\Server\rewrite.php(43): require_once('C:\\xampp_php7\\h...')
#5 {main}
CRITICAL - 2022-05-11 21:54:22 --> Call to undefined method App\Controllers\Home::faildNotFound()
#0 C:\xampp_php7\htdocs\codeigniter4\system\CodeIgniter.php(832): App\Controllers\Home->log()
#1 C:\xampp_php7\htdocs\codeigniter4\system\CodeIgniter.php(419): CodeIgniter\CodeIgniter->runController(Object(App\Controllers\Home))
#2 C:\xampp_php7\htdocs\codeigniter4\system\CodeIgniter.php(326): CodeIgniter\CodeIgniter->handleRequest(NULL, Object(Config\Cache), false)
#3 C:\xampp_php7\htdocs\codeigniter4\public\index.php(37): CodeIgniter\CodeIgniter->run()
#4 C:\xampp_php7\htdocs\codeigniter4\system\Commands\Server\rewrite.php(43): require_once('C:\\xampp_php7\\h...')
#5 {main}
CRITICAL - 2022-05-11 21:54:59 --> Call to undefined method App\Controllers\Home::faildNotFound()
#0 C:\xampp_php7\htdocs\codeigniter4\system\CodeIgniter.php(832): App\Controllers\Home->log()
#1 C:\xampp_php7\htdocs\codeigniter4\system\CodeIgniter.php(419): CodeIgniter\CodeIgniter->runController(Object(App\Controllers\Home))
#2 C:\xampp_php7\htdocs\codeigniter4\system\CodeIgniter.php(326): CodeIgniter\CodeIgniter->handleRequest(NULL, Object(Config\Cache), false)
#3 C:\xampp_php7\htdocs\codeigniter4\public\index.php(37): CodeIgniter\CodeIgniter->run()
#4 C:\xampp_php7\htdocs\codeigniter4\system\Commands\Server\rewrite.php(43): require_once('C:\\xampp_php7\\h...')
#5 {main}
CRITICAL - 2022-05-11 23:26:57 --> Undefined property: Config\LogFilter::$response
#0 C:\xampp_php7\htdocs\codeigniter4\system\API\ResponseTrait.php(327): CodeIgniter\Debug\Exceptions->errorHandler(8, 'Undefined prope...', 'C:\\xampp_php7\\h...', 327, Array)
#1 C:\xampp_php7\htdocs\codeigniter4\system\API\ResponseTrait.php(99): Config\LogFilter->format(Array)
#2 C:\xampp_php7\htdocs\codeigniter4\app\Config\Filters.php(112): Config\LogFilter->respond(Array, 200)
#3 C:\xampp_php7\htdocs\codeigniter4\system\Filters\Filters.php(173): Config\LogFilter->before(Object(CodeIgniter\HTTP\IncomingRequest), NULL)
#4 C:\xampp_php7\htdocs\codeigniter4\system\CodeIgniter.php(393): CodeIgniter\Filters\Filters->run('api/usuario/5', 'before')
#5 C:\xampp_php7\htdocs\codeigniter4\system\CodeIgniter.php(326): CodeIgniter\CodeIgniter->handleRequest(NULL, Object(Config\Cache), false)
#6 C:\xampp_php7\htdocs\codeigniter4\public\index.php(37): CodeIgniter\CodeIgniter->run()
#7 C:\xampp_php7\htdocs\codeigniter4\system\Commands\Server\rewrite.php(43): require_once('C:\\xampp_php7\\h...')
#8 {main}
