CRITICAL - 2022-05-10 01:24:56 --> Class 'App\Controllers\UsuarioModel' not found
#0 C:\xampp_php7\htdocs\codeigniter4\system\CodeIgniter.php(832): App\Controllers\Home->log()
#1 C:\xampp_php7\htdocs\codeigniter4\system\CodeIgniter.php(419): CodeIgniter\CodeIgniter->runController(Object(App\Controllers\Home))
#2 C:\xampp_php7\htdocs\codeigniter4\system\CodeIgniter.php(326): CodeIgniter\CodeIgniter->handleRequest(NULL, Object(Config\Cache), false)
#3 C:\xampp_php7\htdocs\codeigniter4\public\index.php(37): CodeIgniter\CodeIgniter->run()
#4 C:\xampp_php7\htdocs\codeigniter4\system\Commands\Server\rewrite.php(43): require_once('C:\\xampp_php7\\h...')
#5 {main}
CRITICAL - 2022-05-10 01:38:13 --> Call to undefined function App\Controllers\str_to_upper()
#0 C:\xampp_php7\htdocs\codeigniter4\system\CodeIgniter.php(832): App\Controllers\Home->log()
#1 C:\xampp_php7\htdocs\codeigniter4\system\CodeIgniter.php(419): CodeIgniter\CodeIgniter->runController(Object(App\Controllers\Home))
#2 C:\xampp_php7\htdocs\codeigniter4\system\CodeIgniter.php(326): CodeIgniter\CodeIgniter->handleRequest(NULL, Object(Config\Cache), false)
#3 C:\xampp_php7\htdocs\codeigniter4\public\index.php(37): CodeIgniter\CodeIgniter->run()
#4 C:\xampp_php7\htdocs\codeigniter4\system\Commands\Server\rewrite.php(43): require_once('C:\\xampp_php7\\h...')
#5 {main}
CRITICAL - 2022-05-10 01:55:13 --> Class 'App\Controllers\ClienteModel' not found
#0 C:\xampp_php7\htdocs\codeigniter4\system\CodeIgniter.php(809): App\Controllers\Home->__construct()
#1 C:\xampp_php7\htdocs\codeigniter4\system\CodeIgniter.php(410): CodeIgniter\CodeIgniter->createController()
#2 C:\xampp_php7\htdocs\codeigniter4\system\CodeIgniter.php(326): CodeIgniter\CodeIgniter->handleRequest(NULL, Object(Config\Cache), false)
#3 C:\xampp_php7\htdocs\codeigniter4\public\index.php(37): CodeIgniter\CodeIgniter->run()
#4 C:\xampp_php7\htdocs\codeigniter4\system\Commands\Server\rewrite.php(43): require_once('C:\\xampp_php7\\h...')
#5 {main}
CRITICAL - 2022-05-10 01:57:52 --> Class 'App\Controllers\ClienteModel' not found
#0 C:\xampp_php7\htdocs\codeigniter4\system\CodeIgniter.php(809): App\Controllers\Home->__construct()
#1 C:\xampp_php7\htdocs\codeigniter4\system\CodeIgniter.php(410): CodeIgniter\CodeIgniter->createController()
#2 C:\xampp_php7\htdocs\codeigniter4\system\CodeIgniter.php(326): CodeIgniter\CodeIgniter->handleRequest(NULL, Object(Config\Cache), false)
#3 C:\xampp_php7\htdocs\codeigniter4\public\index.php(37): CodeIgniter\CodeIgniter->run()
#4 C:\xampp_php7\htdocs\codeigniter4\system\Commands\Server\rewrite.php(43): require_once('C:\\xampp_php7\\h...')
#5 {main}
CRITICAL - 2022-05-10 01:58:50 --> Class 'App\Controllers\ClienteModel' not found
#0 C:\xampp_php7\htdocs\codeigniter4\system\CodeIgniter.php(809): App\Controllers\Home->__construct()
#1 C:\xampp_php7\htdocs\codeigniter4\system\CodeIgniter.php(410): CodeIgniter\CodeIgniter->createController()
#2 C:\xampp_php7\htdocs\codeigniter4\system\CodeIgniter.php(326): CodeIgniter\CodeIgniter->handleRequest(NULL, Object(Config\Cache), false)
#3 C:\xampp_php7\htdocs\codeigniter4\public\index.php(37): CodeIgniter\CodeIgniter->run()
#4 C:\xampp_php7\htdocs\codeigniter4\system\Commands\Server\rewrite.php(43): require_once('C:\\xampp_php7\\h...')
#5 {main}
CRITICAL - 2022-05-10 02:25:10 --> Call to undefined method App\Controllers\Home::faildNotFound()
#0 C:\xampp_php7\htdocs\codeigniter4\system\CodeIgniter.php(832): App\Controllers\Home->log()
#1 C:\xampp_php7\htdocs\codeigniter4\system\CodeIgniter.php(419): CodeIgniter\CodeIgniter->runController(Object(App\Controllers\Home))
#2 C:\xampp_php7\htdocs\codeigniter4\system\CodeIgniter.php(326): CodeIgniter\CodeIgniter->handleRequest(NULL, Object(Config\Cache), false)
#3 C:\xampp_php7\htdocs\codeigniter4\public\index.php(37): CodeIgniter\CodeIgniter->run()
#4 C:\xampp_php7\htdocs\codeigniter4\system\Commands\Server\rewrite.php(43): require_once('C:\\xampp_php7\\h...')
#5 {main}
CRITICAL - 2022-05-10 02:50:00 --> Class 'App\Models\UsuarioModel' not found
#0 C:\xampp_php7\htdocs\codeigniter4\system\CodeIgniter.php(832): App\Controllers\Home->log()
#1 C:\xampp_php7\htdocs\codeigniter4\system\CodeIgniter.php(419): CodeIgniter\CodeIgniter->runController(Object(App\Controllers\Home))
#2 C:\xampp_php7\htdocs\codeigniter4\system\CodeIgniter.php(326): CodeIgniter\CodeIgniter->handleRequest(NULL, Object(Config\Cache), false)
#3 C:\xampp_php7\htdocs\codeigniter4\public\index.php(37): CodeIgniter\CodeIgniter->run()
#4 C:\xampp_php7\htdocs\codeigniter4\system\Commands\Server\rewrite.php(43): require_once('C:\\xampp_php7\\h...')
#5 {main}
CRITICAL - 2022-05-10 02:50:41 --> Class 'App\Models\UsuarioModel' not found
#0 C:\xampp_php7\htdocs\codeigniter4\system\CodeIgniter.php(832): App\Controllers\Home->log()
#1 C:\xampp_php7\htdocs\codeigniter4\system\CodeIgniter.php(419): CodeIgniter\CodeIgniter->runController(Object(App\Controllers\Home))
#2 C:\xampp_php7\htdocs\codeigniter4\system\CodeIgniter.php(326): CodeIgniter\CodeIgniter->handleRequest(NULL, Object(Config\Cache), false)
#3 C:\xampp_php7\htdocs\codeigniter4\public\index.php(37): CodeIgniter\CodeIgniter->run()
#4 C:\xampp_php7\htdocs\codeigniter4\system\Commands\Server\rewrite.php(43): require_once('C:\\xampp_php7\\h...')
#5 {main}
CRITICAL - 2022-05-10 02:53:01 --> Class 'App\Controllers\Services' not found
#0 C:\xampp_php7\htdocs\codeigniter4\app\Controllers\Home.php(59): App\Controllers\Home->JWT(Array)
#1 C:\xampp_php7\htdocs\codeigniter4\system\CodeIgniter.php(832): App\Controllers\Home->log()
#2 C:\xampp_php7\htdocs\codeigniter4\system\CodeIgniter.php(419): CodeIgniter\CodeIgniter->runController(Object(App\Controllers\Home))
#3 C:\xampp_php7\htdocs\codeigniter4\system\CodeIgniter.php(326): CodeIgniter\CodeIgniter->handleRequest(NULL, Object(Config\Cache), false)
#4 C:\xampp_php7\htdocs\codeigniter4\public\index.php(37): CodeIgniter\CodeIgniter->run()
#5 C:\xampp_php7\htdocs\codeigniter4\system\Commands\Server\rewrite.php(43): require_once('C:\\xampp_php7\\h...')
#6 {main}
CRITICAL - 2022-05-10 02:54:25 --> Too few arguments to function Firebase\JWT\JWT::encode(), 2 passed in C:\xampp_php7\htdocs\codeigniter4\app\Controllers\Home.php on line 35 and at least 3 expected
#0 C:\xampp_php7\htdocs\codeigniter4\app\Controllers\Home.php(35): Firebase\JWT\JWT::encode(Array, 'key_prueba_ingr...')
#1 C:\xampp_php7\htdocs\codeigniter4\app\Controllers\Home.php(60): App\Controllers\Home->JWT(Array)
#2 C:\xampp_php7\htdocs\codeigniter4\system\CodeIgniter.php(832): App\Controllers\Home->log()
#3 C:\xampp_php7\htdocs\codeigniter4\system\CodeIgniter.php(419): CodeIgniter\CodeIgniter->runController(Object(App\Controllers\Home))
#4 C:\xampp_php7\htdocs\codeigniter4\system\CodeIgniter.php(326): CodeIgniter\CodeIgniter->handleRequest(NULL, Object(Config\Cache), false)
#5 C:\xampp_php7\htdocs\codeigniter4\public\index.php(37): CodeIgniter\CodeIgniter->run()
#6 C:\xampp_php7\htdocs\codeigniter4\system\Commands\Server\rewrite.php(43): require_once('C:\\xampp_php7\\h...')
#7 {main}
CRITICAL - 2022-05-10 02:55:10 --> Class 'App\Models\UsuarioModel' not found
#0 C:\xampp_php7\htdocs\codeigniter4\system\CodeIgniter.php(832): App\Controllers\Home->log()
#1 C:\xampp_php7\htdocs\codeigniter4\system\CodeIgniter.php(419): CodeIgniter\CodeIgniter->runController(Object(App\Controllers\Home))
#2 C:\xampp_php7\htdocs\codeigniter4\system\CodeIgniter.php(326): CodeIgniter\CodeIgniter->handleRequest(NULL, Object(Config\Cache), false)
#3 C:\xampp_php7\htdocs\codeigniter4\public\index.php(37): CodeIgniter\CodeIgniter->run()
#4 C:\xampp_php7\htdocs\codeigniter4\system\Commands\Server\rewrite.php(43): require_once('C:\\xampp_php7\\h...')
#5 {main}
CRITICAL - 2022-05-10 02:55:28 --> Too few arguments to function Firebase\JWT\JWT::encode(), 2 passed in C:\xampp_php7\htdocs\codeigniter4\app\Controllers\Home.php on line 37 and at least 3 expected
#0 C:\xampp_php7\htdocs\codeigniter4\app\Controllers\Home.php(37): Firebase\JWT\JWT::encode(Array, 'key_prueba_ingr...')
#1 C:\xampp_php7\htdocs\codeigniter4\app\Controllers\Home.php(62): App\Controllers\Home->JWT(Array)
#2 C:\xampp_php7\htdocs\codeigniter4\system\CodeIgniter.php(832): App\Controllers\Home->log()
#3 C:\xampp_php7\htdocs\codeigniter4\system\CodeIgniter.php(419): CodeIgniter\CodeIgniter->runController(Object(App\Controllers\Home))
#4 C:\xampp_php7\htdocs\codeigniter4\system\CodeIgniter.php(326): CodeIgniter\CodeIgniter->handleRequest(NULL, Object(Config\Cache), false)
#5 C:\xampp_php7\htdocs\codeigniter4\public\index.php(37): CodeIgniter\CodeIgniter->run()
#6 C:\xampp_php7\htdocs\codeigniter4\system\Commands\Server\rewrite.php(43): require_once('C:\\xampp_php7\\h...')
#7 {main}
CRITICAL - 2022-05-10 02:55:40 --> Class 'App\Models\UsuarioModel' not found
#0 C:\xampp_php7\htdocs\codeigniter4\system\CodeIgniter.php(832): App\Controllers\Home->log()
#1 C:\xampp_php7\htdocs\codeigniter4\system\CodeIgniter.php(419): CodeIgniter\CodeIgniter->runController(Object(App\Controllers\Home))
#2 C:\xampp_php7\htdocs\codeigniter4\system\CodeIgniter.php(326): CodeIgniter\CodeIgniter->handleRequest(NULL, Object(Config\Cache), false)
#3 C:\xampp_php7\htdocs\codeigniter4\public\index.php(37): CodeIgniter\CodeIgniter->run()
#4 C:\xampp_php7\htdocs\codeigniter4\system\Commands\Server\rewrite.php(43): require_once('C:\\xampp_php7\\h...')
#5 {main}
CRITICAL - 2022-05-10 02:56:08 --> Too few arguments to function Firebase\JWT\JWT::encode(), 2 passed in C:\xampp_php7\htdocs\codeigniter4\app\Controllers\Home.php on line 37 and at least 3 expected
#0 C:\xampp_php7\htdocs\codeigniter4\app\Controllers\Home.php(37): Firebase\JWT\JWT::encode(Array, 'key_prueba_ingr...')
#1 C:\xampp_php7\htdocs\codeigniter4\app\Controllers\Home.php(62): App\Controllers\Home->JWT(Array)
#2 C:\xampp_php7\htdocs\codeigniter4\system\CodeIgniter.php(832): App\Controllers\Home->log()
#3 C:\xampp_php7\htdocs\codeigniter4\system\CodeIgniter.php(419): CodeIgniter\CodeIgniter->runController(Object(App\Controllers\Home))
#4 C:\xampp_php7\htdocs\codeigniter4\system\CodeIgniter.php(326): CodeIgniter\CodeIgniter->handleRequest(NULL, Object(Config\Cache), false)
#5 C:\xampp_php7\htdocs\codeigniter4\public\index.php(37): CodeIgniter\CodeIgniter->run()
#6 C:\xampp_php7\htdocs\codeigniter4\system\Commands\Server\rewrite.php(43): require_once('C:\\xampp_php7\\h...')
#7 {main}
CRITICAL - 2022-05-10 02:57:30 --> Class 'Firebase\JWT' not found
#0 C:\xampp_php7\htdocs\codeigniter4\app\Controllers\Home.php(62): App\Controllers\Home->JWT(Array)
#1 C:\xampp_php7\htdocs\codeigniter4\system\CodeIgniter.php(832): App\Controllers\Home->log()
#2 C:\xampp_php7\htdocs\codeigniter4\system\CodeIgniter.php(419): CodeIgniter\CodeIgniter->runController(Object(App\Controllers\Home))
#3 C:\xampp_php7\htdocs\codeigniter4\system\CodeIgniter.php(326): CodeIgniter\CodeIgniter->handleRequest(NULL, Object(Config\Cache), false)
#4 C:\xampp_php7\htdocs\codeigniter4\public\index.php(37): CodeIgniter\CodeIgniter->run()
#5 C:\xampp_php7\htdocs\codeigniter4\system\Commands\Server\rewrite.php(43): require_once('C:\\xampp_php7\\h...')
#6 {main}
CRITICAL - 2022-05-10 02:57:41 --> Too few arguments to function Firebase\JWT\JWT::encode(), 2 passed in C:\xampp_php7\htdocs\codeigniter4\app\Controllers\Home.php on line 37 and at least 3 expected
#0 C:\xampp_php7\htdocs\codeigniter4\app\Controllers\Home.php(37): Firebase\JWT\JWT::encode(Array, 'key_prueba_ingr...')
#1 C:\xampp_php7\htdocs\codeigniter4\app\Controllers\Home.php(62): App\Controllers\Home->JWT(Array)
#2 C:\xampp_php7\htdocs\codeigniter4\system\CodeIgniter.php(832): App\Controllers\Home->log()
#3 C:\xampp_php7\htdocs\codeigniter4\system\CodeIgniter.php(419): CodeIgniter\CodeIgniter->runController(Object(App\Controllers\Home))
#4 C:\xampp_php7\htdocs\codeigniter4\system\CodeIgniter.php(326): CodeIgniter\CodeIgniter->handleRequest(NULL, Object(Config\Cache), false)
#5 C:\xampp_php7\htdocs\codeigniter4\public\index.php(37): CodeIgniter\CodeIgniter->run()
#6 C:\xampp_php7\htdocs\codeigniter4\system\Commands\Server\rewrite.php(43): require_once('C:\\xampp_php7\\h...')
#7 {main}
CRITICAL - 2022-05-10 03:00:52 --> Too few arguments to function Firebase\JWT\JWT::encode(), 2 passed in C:\xampp_php7\htdocs\codeigniter4\app\Controllers\Home.php on line 37 and at least 3 expected
#0 C:\xampp_php7\htdocs\codeigniter4\app\Controllers\Home.php(37): Firebase\JWT\JWT::encode(Array, 'key_prueba_ingr...')
#1 C:\xampp_php7\htdocs\codeigniter4\app\Controllers\Home.php(66): App\Controllers\Home->JWT(Array)
#2 C:\xampp_php7\htdocs\codeigniter4\system\CodeIgniter.php(832): App\Controllers\Home->log()
#3 C:\xampp_php7\htdocs\codeigniter4\system\CodeIgniter.php(419): CodeIgniter\CodeIgniter->runController(Object(App\Controllers\Home))
#4 C:\xampp_php7\htdocs\codeigniter4\system\CodeIgniter.php(326): CodeIgniter\CodeIgniter->handleRequest(NULL, Object(Config\Cache), false)
#5 C:\xampp_php7\htdocs\codeigniter4\public\index.php(37): CodeIgniter\CodeIgniter->run()
#6 C:\xampp_php7\htdocs\codeigniter4\system\Commands\Server\rewrite.php(43): require_once('C:\\xampp_php7\\h...')
#7 {main}
CRITICAL - 2022-05-10 03:01:26 --> Too few arguments to function Firebase\JWT\JWT::encode(), 2 passed in C:\xampp_php7\htdocs\codeigniter4\app\Controllers\Home.php on line 37 and at least 3 expected
#0 C:\xampp_php7\htdocs\codeigniter4\app\Controllers\Home.php(37): Firebase\JWT\JWT::encode(Array, 'key_prueba_ingr...')
#1 C:\xampp_php7\htdocs\codeigniter4\app\Controllers\Home.php(66): App\Controllers\Home->JWT(Array)
#2 C:\xampp_php7\htdocs\codeigniter4\system\CodeIgniter.php(832): App\Controllers\Home->log()
#3 C:\xampp_php7\htdocs\codeigniter4\system\CodeIgniter.php(419): CodeIgniter\CodeIgniter->runController(Object(App\Controllers\Home))
#4 C:\xampp_php7\htdocs\codeigniter4\system\CodeIgniter.php(326): CodeIgniter\CodeIgniter->handleRequest(NULL, Object(Config\Cache), false)
#5 C:\xampp_php7\htdocs\codeigniter4\public\index.php(37): CodeIgniter\CodeIgniter->run()
#6 C:\xampp_php7\htdocs\codeigniter4\system\Commands\Server\rewrite.php(43): require_once('C:\\xampp_php7\\h...')
#7 {main}
CRITICAL - 2022-05-10 03:08:08 --> syntax error, unexpected '}', expecting ';'
#0 C:\xampp_php7\htdocs\codeigniter4\system\Autoloader\Autoloader.php(241): CodeIgniter\Autoloader\Autoloader->includeFile('C:\\xampp_php7\\h...')
#1 C:\xampp_php7\htdocs\codeigniter4\system\Autoloader\Autoloader.php(219): CodeIgniter\Autoloader\Autoloader->loadInNamespace('App\\Controllers...')
#2 [internal function]: CodeIgniter\Autoloader\Autoloader->loadClass('App\\Controllers...')
#3 [internal function]: spl_autoload_call('App\\Controllers...')
#4 C:\xampp_php7\htdocs\codeigniter4\system\CodeIgniter.php(797): class_exists('\\App\\Controller...', true)
#5 C:\xampp_php7\htdocs\codeigniter4\system\CodeIgniter.php(406): CodeIgniter\CodeIgniter->startController()
#6 C:\xampp_php7\htdocs\codeigniter4\system\CodeIgniter.php(326): CodeIgniter\CodeIgniter->handleRequest(NULL, Object(Config\Cache), false)
#7 C:\xampp_php7\htdocs\codeigniter4\public\index.php(37): CodeIgniter\CodeIgniter->run()
#8 C:\xampp_php7\htdocs\codeigniter4\system\Commands\Server\rewrite.php(43): require_once('C:\\xampp_php7\\h...')
#9 {main}
CRITICAL - 2022-05-10 09:21:55 --> authfilter filter must have a matching alias defined.
#0 C:\xampp_php7\htdocs\codeigniter4\system\Filters\Filters.php(493): CodeIgniter\Filters\Exceptions\FilterException::forNoAlias('authfilter')
#1 C:\xampp_php7\htdocs\codeigniter4\system\Filters\Filters.php(243): CodeIgniter\Filters\Filters->processAliasesToClass('before')
#2 C:\xampp_php7\htdocs\codeigniter4\system\Filters\Filters.php(163): CodeIgniter\Filters\Filters->initialize('api/usuario/99')
#3 C:\xampp_php7\htdocs\codeigniter4\system\CodeIgniter.php(393): CodeIgniter\Filters\Filters->run('api/usuario/99', 'before')
#4 C:\xampp_php7\htdocs\codeigniter4\system\CodeIgniter.php(326): CodeIgniter\CodeIgniter->handleRequest(NULL, Object(Config\Cache), false)
#5 C:\xampp_php7\htdocs\codeigniter4\public\index.php(37): CodeIgniter\CodeIgniter->run()
#6 C:\xampp_php7\htdocs\codeigniter4\system\Commands\Server\rewrite.php(43): require_once('C:\\xampp_php7\\h...')
#7 {main}
CRITICAL - 2022-05-10 09:23:50 --> authfilter filter must have a matching alias defined.
#0 C:\xampp_php7\htdocs\codeigniter4\system\Filters\Filters.php(493): CodeIgniter\Filters\Exceptions\FilterException::forNoAlias('authfilter')
#1 C:\xampp_php7\htdocs\codeigniter4\system\Filters\Filters.php(243): CodeIgniter\Filters\Filters->processAliasesToClass('before')
#2 C:\xampp_php7\htdocs\codeigniter4\system\Filters\Filters.php(163): CodeIgniter\Filters\Filters->initialize('api/usuario/99')
#3 C:\xampp_php7\htdocs\codeigniter4\system\CodeIgniter.php(393): CodeIgniter\Filters\Filters->run('api/usuario/99', 'before')
#4 C:\xampp_php7\htdocs\codeigniter4\system\CodeIgniter.php(326): CodeIgniter\CodeIgniter->handleRequest(NULL, Object(Config\Cache), false)
#5 C:\xampp_php7\htdocs\codeigniter4\public\index.php(37): CodeIgniter\CodeIgniter->run()
#6 C:\xampp_php7\htdocs\codeigniter4\system\Commands\Server\rewrite.php(43): require_once('C:\\xampp_php7\\h...')
#7 {main}
CRITICAL - 2022-05-10 09:32:27 --> authfilter filter must have a matching alias defined.
#0 C:\xampp_php7\htdocs\codeigniter4\system\Filters\Filters.php(493): CodeIgniter\Filters\Exceptions\FilterException::forNoAlias('authfilter')
#1 C:\xampp_php7\htdocs\codeigniter4\system\Filters\Filters.php(243): CodeIgniter\Filters\Filters->processAliasesToClass('before')
#2 C:\xampp_php7\htdocs\codeigniter4\system\Filters\Filters.php(163): CodeIgniter\Filters\Filters->initialize('api/usuario/99')
#3 C:\xampp_php7\htdocs\codeigniter4\system\CodeIgniter.php(393): CodeIgniter\Filters\Filters->run('api/usuario/99', 'before')
#4 C:\xampp_php7\htdocs\codeigniter4\system\CodeIgniter.php(326): CodeIgniter\CodeIgniter->handleRequest(NULL, Object(Config\Cache), false)
#5 C:\xampp_php7\htdocs\codeigniter4\public\index.php(37): CodeIgniter\CodeIgniter->run()
#6 C:\xampp_php7\htdocs\codeigniter4\system\Commands\Server\rewrite.php(43): require_once('C:\\xampp_php7\\h...')
#7 {main}
CRITICAL - 2022-05-10 09:34:46 --> authfilter filter must have a matching alias defined.
#0 C:\xampp_php7\htdocs\codeigniter4\system\Filters\Filters.php(493): CodeIgniter\Filters\Exceptions\FilterException::forNoAlias('authfilter')
#1 C:\xampp_php7\htdocs\codeigniter4\system\Filters\Filters.php(243): CodeIgniter\Filters\Filters->processAliasesToClass('before')
#2 C:\xampp_php7\htdocs\codeigniter4\system\Filters\Filters.php(163): CodeIgniter\Filters\Filters->initialize('api/usuario/99')
#3 C:\xampp_php7\htdocs\codeigniter4\system\CodeIgniter.php(393): CodeIgniter\Filters\Filters->run('api/usuario/99', 'before')
#4 C:\xampp_php7\htdocs\codeigniter4\system\CodeIgniter.php(326): CodeIgniter\CodeIgniter->handleRequest(NULL, Object(Config\Cache), false)
#5 C:\xampp_php7\htdocs\codeigniter4\public\index.php(37): CodeIgniter\CodeIgniter->run()
#6 C:\xampp_php7\htdocs\codeigniter4\system\Commands\Server\rewrite.php(43): require_once('C:\\xampp_php7\\h...')
#7 {main}
CRITICAL - 2022-05-10 09:37:12 --> authFilters filter must have a matching alias defined.
#0 C:\xampp_php7\htdocs\codeigniter4\system\Filters\Filters.php(340): CodeIgniter\Filters\Exceptions\FilterException::forNoAlias('authFilters')
#1 C:\xampp_php7\htdocs\codeigniter4\system\CodeIgniter.php(384): CodeIgniter\Filters\Filters->enableFilter('authFilters', 'before')
#2 C:\xampp_php7\htdocs\codeigniter4\system\CodeIgniter.php(326): CodeIgniter\CodeIgniter->handleRequest(NULL, Object(Config\Cache), false)
#3 C:\xampp_php7\htdocs\codeigniter4\public\index.php(37): CodeIgniter\CodeIgniter->run()
#4 C:\xampp_php7\htdocs\codeigniter4\system\Commands\Server\rewrite.php(43): require_once('C:\\xampp_php7\\h...')
#5 {main}
CRITICAL - 2022-05-10 09:37:36 --> Class 'App\Filters\LogFilter' not found
#0 C:\xampp_php7\htdocs\codeigniter4\system\CodeIgniter.php(393): CodeIgniter\Filters\Filters->run('api/usuario/99', 'before')
#1 C:\xampp_php7\htdocs\codeigniter4\system\CodeIgniter.php(326): CodeIgniter\CodeIgniter->handleRequest(NULL, Object(Config\Cache), false)
#2 C:\xampp_php7\htdocs\codeigniter4\public\index.php(37): CodeIgniter\CodeIgniter->run()
#3 C:\xampp_php7\htdocs\codeigniter4\system\Commands\Server\rewrite.php(43): require_once('C:\\xampp_php7\\h...')
#4 {main}
CRITICAL - 2022-05-10 09:38:18 --> Class 'App\Filters\LogFilter' not found
#0 C:\xampp_php7\htdocs\codeigniter4\system\CodeIgniter.php(393): CodeIgniter\Filters\Filters->run('api/usuario/99', 'before')
#1 C:\xampp_php7\htdocs\codeigniter4\system\CodeIgniter.php(326): CodeIgniter\CodeIgniter->handleRequest(NULL, Object(Config\Cache), false)
#2 C:\xampp_php7\htdocs\codeigniter4\public\index.php(37): CodeIgniter\CodeIgniter->run()
#3 C:\xampp_php7\htdocs\codeigniter4\system\Commands\Server\rewrite.php(43): require_once('C:\\xampp_php7\\h...')
#4 {main}
CRITICAL - 2022-05-10 09:41:40 --> Class 'App\Filters\LogFilter' not found
#0 C:\xampp_php7\htdocs\codeigniter4\system\CodeIgniter.php(393): CodeIgniter\Filters\Filters->run('api/usuario/99', 'before')
#1 C:\xampp_php7\htdocs\codeigniter4\system\CodeIgniter.php(326): CodeIgniter\CodeIgniter->handleRequest(NULL, Object(Config\Cache), false)
#2 C:\xampp_php7\htdocs\codeigniter4\public\index.php(37): CodeIgniter\CodeIgniter->run()
#3 C:\xampp_php7\htdocs\codeigniter4\system\Commands\Server\rewrite.php(43): require_once('C:\\xampp_php7\\h...')
#4 {main}
CRITICAL - 2022-05-10 09:42:32 --> Class 'App\Filters\LogFilter' not found
#0 C:\xampp_php7\htdocs\codeigniter4\system\CodeIgniter.php(393): CodeIgniter\Filters\Filters->run('api/usuario/99', 'before')
#1 C:\xampp_php7\htdocs\codeigniter4\system\CodeIgniter.php(326): CodeIgniter\CodeIgniter->handleRequest(NULL, Object(Config\Cache), false)
#2 C:\xampp_php7\htdocs\codeigniter4\public\index.php(37): CodeIgniter\CodeIgniter->run()
#3 C:\xampp_php7\htdocs\codeigniter4\system\Commands\Server\rewrite.php(43): require_once('C:\\xampp_php7\\h...')
#4 {main}
CRITICAL - 2022-05-10 09:45:03 --> Class 'App\Filters\LogFilter' not found
#0 C:\xampp_php7\htdocs\codeigniter4\system\CodeIgniter.php(393): CodeIgniter\Filters\Filters->run('api/usuario/99', 'before')
#1 C:\xampp_php7\htdocs\codeigniter4\system\CodeIgniter.php(326): CodeIgniter\CodeIgniter->handleRequest(NULL, Object(Config\Cache), false)
#2 C:\xampp_php7\htdocs\codeigniter4\public\index.php(37): CodeIgniter\CodeIgniter->run()
#3 C:\xampp_php7\htdocs\codeigniter4\system\Commands\Server\rewrite.php(43): require_once('C:\\xampp_php7\\h...')
#4 {main}
CRITICAL - 2022-05-10 09:46:49 --> Class 'App\Filters\LogFilter' not found
#0 C:\xampp_php7\htdocs\codeigniter4\system\CodeIgniter.php(393): CodeIgniter\Filters\Filters->run('api/usuario/99', 'before')
#1 C:\xampp_php7\htdocs\codeigniter4\system\CodeIgniter.php(326): CodeIgniter\CodeIgniter->handleRequest(NULL, Object(Config\Cache), false)
#2 C:\xampp_php7\htdocs\codeigniter4\public\index.php(37): CodeIgniter\CodeIgniter->run()
#3 C:\xampp_php7\htdocs\codeigniter4\system\Commands\Server\rewrite.php(43): require_once('C:\\xampp_php7\\h...')
#4 {main}
CRITICAL - 2022-05-10 09:47:33 --> Class 'App\Filters\LogFilter' not found
#0 C:\xampp_php7\htdocs\codeigniter4\system\CodeIgniter.php(393): CodeIgniter\Filters\Filters->run('api/usuario/99', 'before')
#1 C:\xampp_php7\htdocs\codeigniter4\system\CodeIgniter.php(326): CodeIgniter\CodeIgniter->handleRequest(NULL, Object(Config\Cache), false)
#2 C:\xampp_php7\htdocs\codeigniter4\public\index.php(37): CodeIgniter\CodeIgniter->run()
#3 C:\xampp_php7\htdocs\codeigniter4\system\Commands\Server\rewrite.php(43): require_once('C:\\xampp_php7\\h...')
#4 {main}
CRITICAL - 2022-05-10 09:47:55 --> Class 'App\Filters\LogFilter' not found
#0 C:\xampp_php7\htdocs\codeigniter4\system\CodeIgniter.php(393): CodeIgniter\Filters\Filters->run('api/usuario/99', 'before')
#1 C:\xampp_php7\htdocs\codeigniter4\system\CodeIgniter.php(326): CodeIgniter\CodeIgniter->handleRequest(NULL, Object(Config\Cache), false)
#2 C:\xampp_php7\htdocs\codeigniter4\public\index.php(37): CodeIgniter\CodeIgniter->run()
#3 C:\xampp_php7\htdocs\codeigniter4\system\Commands\Server\rewrite.php(43): require_once('C:\\xampp_php7\\h...')
#4 {main}
CRITICAL - 2022-05-10 09:51:25 --> Interface 'Config\FilterInterface' not found
#0 C:\xampp_php7\htdocs\codeigniter4\system\Autoloader\Autoloader.php(264): include_once()
#1 C:\xampp_php7\htdocs\codeigniter4\system\Autoloader\Autoloader.php(241): CodeIgniter\Autoloader\Autoloader->includeFile('C:\\xampp_php7\\h...')
#2 C:\xampp_php7\htdocs\codeigniter4\system\Autoloader\Autoloader.php(219): CodeIgniter\Autoloader\Autoloader->loadInNamespace('Config\\Filters')
#3 [internal function]: CodeIgniter\Autoloader\Autoloader->loadClass('Config\\Filters')
#4 [internal function]: spl_autoload_call('Config\\Filters')
#5 C:\xampp_php7\htdocs\codeigniter4\system\Config\Factories.php(136): class_exists('Config\\Filters')
#6 C:\xampp_php7\htdocs\codeigniter4\system\Config\Factories.php(106): CodeIgniter\Config\Factories::locateClass(Array, 'Filters')
#7 C:\xampp_php7\htdocs\codeigniter4\system\Common.php(198): CodeIgniter\Config\Factories::__callStatic('config', Array)
#8 C:\xampp_php7\htdocs\codeigniter4\system\Config\Services.php(258): config('Filters')
#9 C:\xampp_php7\htdocs\codeigniter4\system\Config\BaseService.php(248): CodeIgniter\Config\Services::filters(NULL, false)
#10 C:\xampp_php7\htdocs\codeigniter4\system\Config\BaseService.php(189): CodeIgniter\Config\BaseService::__callStatic('filters', Array)
#11 C:\xampp_php7\htdocs\codeigniter4\system\Config\Services.php(255): CodeIgniter\Config\BaseService::getSharedInstance('filters', NULL)
#12 C:\xampp_php7\htdocs\codeigniter4\system\Config\BaseService.php(248): CodeIgniter\Config\Services::filters()
#13 C:\xampp_php7\htdocs\codeigniter4\system\CodeIgniter.php(373): CodeIgniter\Config\BaseService::__callStatic('filters', Array)
#14 C:\xampp_php7\htdocs\codeigniter4\system\CodeIgniter.php(326): CodeIgniter\CodeIgniter->handleRequest(NULL, Object(Config\Cache), false)
#15 C:\xampp_php7\htdocs\codeigniter4\public\index.php(37): CodeIgniter\CodeIgniter->run()
#16 C:\xampp_php7\htdocs\codeigniter4\system\Commands\Server\rewrite.php(43): require_once('C:\\xampp_php7\\h...')
#17 {main}
CRITICAL - 2022-05-10 09:52:58 --> Interface 'Config\FilterInterface' not found
#0 C:\xampp_php7\htdocs\codeigniter4\system\Autoloader\Autoloader.php(264): include_once()
#1 C:\xampp_php7\htdocs\codeigniter4\system\Autoloader\Autoloader.php(241): CodeIgniter\Autoloader\Autoloader->includeFile('C:\\xampp_php7\\h...')
#2 C:\xampp_php7\htdocs\codeigniter4\system\Autoloader\Autoloader.php(219): CodeIgniter\Autoloader\Autoloader->loadInNamespace('Config\\Filters')
#3 [internal function]: CodeIgniter\Autoloader\Autoloader->loadClass('Config\\Filters')
#4 [internal function]: spl_autoload_call('Config\\Filters')
#5 C:\xampp_php7\htdocs\codeigniter4\system\Config\Factories.php(136): class_exists('Config\\Filters')
#6 C:\xampp_php7\htdocs\codeigniter4\system\Config\Factories.php(106): CodeIgniter\Config\Factories::locateClass(Array, 'Filters')
#7 C:\xampp_php7\htdocs\codeigniter4\system\Common.php(198): CodeIgniter\Config\Factories::__callStatic('config', Array)
#8 C:\xampp_php7\htdocs\codeigniter4\system\Config\Services.php(258): config('Filters')
#9 C:\xampp_php7\htdocs\codeigniter4\system\Config\BaseService.php(248): CodeIgniter\Config\Services::filters(NULL, false)
#10 C:\xampp_php7\htdocs\codeigniter4\system\Config\BaseService.php(189): CodeIgniter\Config\BaseService::__callStatic('filters', Array)
#11 C:\xampp_php7\htdocs\codeigniter4\system\Config\Services.php(255): CodeIgniter\Config\BaseService::getSharedInstance('filters', NULL)
#12 C:\xampp_php7\htdocs\codeigniter4\system\Config\BaseService.php(248): CodeIgniter\Config\Services::filters()
#13 C:\xampp_php7\htdocs\codeigniter4\system\CodeIgniter.php(373): CodeIgniter\Config\BaseService::__callStatic('filters', Array)
#14 C:\xampp_php7\htdocs\codeigniter4\system\CodeIgniter.php(326): CodeIgniter\CodeIgniter->handleRequest(NULL, Object(Config\Cache), false)
#15 C:\xampp_php7\htdocs\codeigniter4\public\index.php(37): CodeIgniter\CodeIgniter->run()
#16 C:\xampp_php7\htdocs\codeigniter4\system\Commands\Server\rewrite.php(43): require_once('C:\\xampp_php7\\h...')
#17 {main}
CRITICAL - 2022-05-10 09:57:47 --> Interface 'Config\FilterInterface' not found
#0 C:\xampp_php7\htdocs\codeigniter4\system\Autoloader\Autoloader.php(264): include_once()
#1 C:\xampp_php7\htdocs\codeigniter4\system\Autoloader\Autoloader.php(241): CodeIgniter\Autoloader\Autoloader->includeFile('C:\\xampp_php7\\h...')
#2 C:\xampp_php7\htdocs\codeigniter4\system\Autoloader\Autoloader.php(219): CodeIgniter\Autoloader\Autoloader->loadInNamespace('Config\\Filters')
#3 [internal function]: CodeIgniter\Autoloader\Autoloader->loadClass('Config\\Filters')
#4 [internal function]: spl_autoload_call('Config\\Filters')
#5 C:\xampp_php7\htdocs\codeigniter4\system\Config\Factories.php(136): class_exists('Config\\Filters')
#6 C:\xampp_php7\htdocs\codeigniter4\system\Config\Factories.php(106): CodeIgniter\Config\Factories::locateClass(Array, 'Filters')
#7 C:\xampp_php7\htdocs\codeigniter4\system\Common.php(198): CodeIgniter\Config\Factories::__callStatic('config', Array)
#8 C:\xampp_php7\htdocs\codeigniter4\system\Config\Services.php(258): config('Filters')
#9 C:\xampp_php7\htdocs\codeigniter4\system\Config\BaseService.php(248): CodeIgniter\Config\Services::filters(NULL, false)
#10 C:\xampp_php7\htdocs\codeigniter4\system\Config\BaseService.php(189): CodeIgniter\Config\BaseService::__callStatic('filters', Array)
#11 C:\xampp_php7\htdocs\codeigniter4\system\Config\Services.php(255): CodeIgniter\Config\BaseService::getSharedInstance('filters', NULL)
#12 C:\xampp_php7\htdocs\codeigniter4\system\Config\BaseService.php(248): CodeIgniter\Config\Services::filters()
#13 C:\xampp_php7\htdocs\codeigniter4\system\CodeIgniter.php(373): CodeIgniter\Config\BaseService::__callStatic('filters', Array)
#14 C:\xampp_php7\htdocs\codeigniter4\system\CodeIgniter.php(326): CodeIgniter\CodeIgniter->handleRequest(NULL, Object(Config\Cache), false)
#15 C:\xampp_php7\htdocs\codeigniter4\public\index.php(37): CodeIgniter\CodeIgniter->run()
#16 C:\xampp_php7\htdocs\codeigniter4\system\Commands\Server\rewrite.php(43): require_once('C:\\xampp_php7\\h...')
#17 {main}
CRITICAL - 2022-05-10 09:59:17 --> Interface 'Config\FilterInterface' not found
#0 C:\xampp_php7\htdocs\codeigniter4\system\Autoloader\Autoloader.php(264): include_once()
#1 C:\xampp_php7\htdocs\codeigniter4\system\Autoloader\Autoloader.php(241): CodeIgniter\Autoloader\Autoloader->includeFile('C:\\xampp_php7\\h...')
#2 C:\xampp_php7\htdocs\codeigniter4\system\Autoloader\Autoloader.php(219): CodeIgniter\Autoloader\Autoloader->loadInNamespace('Config\\Filters')
#3 [internal function]: CodeIgniter\Autoloader\Autoloader->loadClass('Config\\Filters')
#4 [internal function]: spl_autoload_call('Config\\Filters')
#5 C:\xampp_php7\htdocs\codeigniter4\system\Config\Factories.php(136): class_exists('Config\\Filters')
#6 C:\xampp_php7\htdocs\codeigniter4\system\Config\Factories.php(106): CodeIgniter\Config\Factories::locateClass(Array, 'Filters')
#7 C:\xampp_php7\htdocs\codeigniter4\system\Common.php(198): CodeIgniter\Config\Factories::__callStatic('config', Array)
#8 C:\xampp_php7\htdocs\codeigniter4\system\Config\Services.php(258): config('Filters')
#9 C:\xampp_php7\htdocs\codeigniter4\system\Config\BaseService.php(248): CodeIgniter\Config\Services::filters(NULL, false)
#10 C:\xampp_php7\htdocs\codeigniter4\system\Config\BaseService.php(189): CodeIgniter\Config\BaseService::__callStatic('filters', Array)
#11 C:\xampp_php7\htdocs\codeigniter4\system\Config\Services.php(255): CodeIgniter\Config\BaseService::getSharedInstance('filters', NULL)
#12 C:\xampp_php7\htdocs\codeigniter4\system\Config\BaseService.php(248): CodeIgniter\Config\Services::filters()
#13 C:\xampp_php7\htdocs\codeigniter4\system\CodeIgniter.php(373): CodeIgniter\Config\BaseService::__callStatic('filters', Array)
#14 C:\xampp_php7\htdocs\codeigniter4\system\CodeIgniter.php(326): CodeIgniter\CodeIgniter->handleRequest(NULL, Object(Config\Cache), false)
#15 C:\xampp_php7\htdocs\codeigniter4\public\index.php(37): CodeIgniter\CodeIgniter->run()
#16 C:\xampp_php7\htdocs\codeigniter4\system\Commands\Server\rewrite.php(43): require_once('C:\\xampp_php7\\h...')
#17 {main}
CRITICAL - 2022-05-10 10:00:13 --> Trait 'Config\ResponseTrait' not found
#0 [internal function]: CodeIgniter\Debug\Exceptions->shutdownHandler()
#1 {main}
CRITICAL - 2022-05-10 10:00:44 --> Undefined class constant 'HTTP_AUTHORIZATION'
#0 C:\xampp_php7\htdocs\codeigniter4\system\Filters\Filters.php(173): Config\LogFilter->before(Object(CodeIgniter\HTTP\IncomingRequest), NULL)
#1 C:\xampp_php7\htdocs\codeigniter4\system\CodeIgniter.php(393): CodeIgniter\Filters\Filters->run('api/usuario/99', 'before')
#2 C:\xampp_php7\htdocs\codeigniter4\system\CodeIgniter.php(326): CodeIgniter\CodeIgniter->handleRequest(NULL, Object(Config\Cache), false)
#3 C:\xampp_php7\htdocs\codeigniter4\public\index.php(37): CodeIgniter\CodeIgniter->run()
#4 C:\xampp_php7\htdocs\codeigniter4\system\Commands\Server\rewrite.php(43): require_once('C:\\xampp_php7\\h...')
#5 {main}
CRITICAL - 2022-05-10 10:01:04 --> Undefined class constant 'HTTP_AUTHORIZATION'
#0 C:\xampp_php7\htdocs\codeigniter4\system\Filters\Filters.php(173): Config\LogFilter->before(Object(CodeIgniter\HTTP\IncomingRequest), NULL)
#1 C:\xampp_php7\htdocs\codeigniter4\system\CodeIgniter.php(393): CodeIgniter\Filters\Filters->run('api/usuario/99', 'before')
#2 C:\xampp_php7\htdocs\codeigniter4\system\CodeIgniter.php(326): CodeIgniter\CodeIgniter->handleRequest(NULL, Object(Config\Cache), false)
#3 C:\xampp_php7\htdocs\codeigniter4\public\index.php(37): CodeIgniter\CodeIgniter->run()
#4 C:\xampp_php7\htdocs\codeigniter4\system\Commands\Server\rewrite.php(43): require_once('C:\\xampp_php7\\h...')
#5 {main}
CRITICAL - 2022-05-10 10:01:46 --> Undefined class constant 'HTTP_AUTHORIZATION'
#0 C:\xampp_php7\htdocs\codeigniter4\system\Filters\Filters.php(173): Config\LogFilter->before(Object(CodeIgniter\HTTP\IncomingRequest), NULL)
#1 C:\xampp_php7\htdocs\codeigniter4\system\CodeIgniter.php(393): CodeIgniter\Filters\Filters->run('api/usuario/99', 'before')
#2 C:\xampp_php7\htdocs\codeigniter4\system\CodeIgniter.php(326): CodeIgniter\CodeIgniter->handleRequest(NULL, Object(Config\Cache), false)
#3 C:\xampp_php7\htdocs\codeigniter4\public\index.php(37): CodeIgniter\CodeIgniter->run()
#4 C:\xampp_php7\htdocs\codeigniter4\system\Commands\Server\rewrite.php(43): require_once('C:\\xampp_php7\\h...')
#5 {main}
CRITICAL - 2022-05-10 10:02:02 --> Class 'App\Filters\LogFilter' not found
#0 C:\xampp_php7\htdocs\codeigniter4\system\CodeIgniter.php(393): CodeIgniter\Filters\Filters->run('api/usuario/99', 'before')
#1 C:\xampp_php7\htdocs\codeigniter4\system\CodeIgniter.php(326): CodeIgniter\CodeIgniter->handleRequest(NULL, Object(Config\Cache), false)
#2 C:\xampp_php7\htdocs\codeigniter4\public\index.php(37): CodeIgniter\CodeIgniter->run()
#3 C:\xampp_php7\htdocs\codeigniter4\system\Commands\Server\rewrite.php(43): require_once('C:\\xampp_php7\\h...')
#4 {main}
CRITICAL - 2022-05-10 10:03:28 --> Undefined class constant 'HTTP_AUTHORIZATION'
#0 C:\xampp_php7\htdocs\codeigniter4\system\Filters\Filters.php(173): Config\LogFilter->before(Object(CodeIgniter\HTTP\IncomingRequest), NULL)
#1 C:\xampp_php7\htdocs\codeigniter4\system\CodeIgniter.php(393): CodeIgniter\Filters\Filters->run('api/usuario/99', 'before')
#2 C:\xampp_php7\htdocs\codeigniter4\system\CodeIgniter.php(326): CodeIgniter\CodeIgniter->handleRequest(NULL, Object(Config\Cache), false)
#3 C:\xampp_php7\htdocs\codeigniter4\public\index.php(37): CodeIgniter\CodeIgniter->run()
#4 C:\xampp_php7\htdocs\codeigniter4\system\Commands\Server\rewrite.php(43): require_once('C:\\xampp_php7\\h...')
#5 {main}
CRITICAL - 2022-05-10 10:04:59 --> Undefined class constant 'HTTP_AUTHORIZED'
#0 C:\xampp_php7\htdocs\codeigniter4\system\Filters\Filters.php(173): Config\LogFilter->before(Object(CodeIgniter\HTTP\IncomingRequest), NULL)
#1 C:\xampp_php7\htdocs\codeigniter4\system\CodeIgniter.php(393): CodeIgniter\Filters\Filters->run('api/usuario/99', 'before')
#2 C:\xampp_php7\htdocs\codeigniter4\system\CodeIgniter.php(326): CodeIgniter\CodeIgniter->handleRequest(NULL, Object(Config\Cache), false)
#3 C:\xampp_php7\htdocs\codeigniter4\public\index.php(37): CodeIgniter\CodeIgniter->run()
#4 C:\xampp_php7\htdocs\codeigniter4\system\Commands\Server\rewrite.php(43): require_once('C:\\xampp_php7\\h...')
#5 {main}
CRITICAL - 2022-05-10 10:06:11 --> Undefined class constant 'HTTP_AUTHORIZED'
#0 C:\xampp_php7\htdocs\codeigniter4\system\Filters\Filters.php(173): Config\LogFilter->before(Object(CodeIgniter\HTTP\IncomingRequest), NULL)
#1 C:\xampp_php7\htdocs\codeigniter4\system\CodeIgniter.php(393): CodeIgniter\Filters\Filters->run('api/usuario/99', 'before')
#2 C:\xampp_php7\htdocs\codeigniter4\system\CodeIgniter.php(326): CodeIgniter\CodeIgniter->handleRequest(NULL, Object(Config\Cache), false)
#3 C:\xampp_php7\htdocs\codeigniter4\public\index.php(37): CodeIgniter\CodeIgniter->run()
#4 C:\xampp_php7\htdocs\codeigniter4\system\Commands\Server\rewrite.php(43): require_once('C:\\xampp_php7\\h...')
#5 {main}
CRITICAL - 2022-05-10 10:07:29 --> Undefined class constant 'HTTP_AUTHORIZED'
#0 C:\xampp_php7\htdocs\codeigniter4\system\Filters\Filters.php(173): Config\LogFilter->before(Object(CodeIgniter\HTTP\IncomingRequest), NULL)
#1 C:\xampp_php7\htdocs\codeigniter4\system\CodeIgniter.php(393): CodeIgniter\Filters\Filters->run('api/usuario/99', 'before')
#2 C:\xampp_php7\htdocs\codeigniter4\system\CodeIgniter.php(326): CodeIgniter\CodeIgniter->handleRequest(NULL, Object(Config\Cache), false)
#3 C:\xampp_php7\htdocs\codeigniter4\public\index.php(37): CodeIgniter\CodeIgniter->run()
#4 C:\xampp_php7\htdocs\codeigniter4\system\Commands\Server\rewrite.php(43): require_once('C:\\xampp_php7\\h...')
#5 {main}
CRITICAL - 2022-05-10 10:08:10 --> Undefined class constant 'HTTP_AUTHORIZED'
#0 C:\xampp_php7\htdocs\codeigniter4\system\Filters\Filters.php(173): Config\LogFilter->before(Object(CodeIgniter\HTTP\IncomingRequest), NULL)
#1 C:\xampp_php7\htdocs\codeigniter4\system\CodeIgniter.php(393): CodeIgniter\Filters\Filters->run('api/usuario/99', 'before')
#2 C:\xampp_php7\htdocs\codeigniter4\system\CodeIgniter.php(326): CodeIgniter\CodeIgniter->handleRequest(NULL, Object(Config\Cache), false)
#3 C:\xampp_php7\htdocs\codeigniter4\public\index.php(37): CodeIgniter\CodeIgniter->run()
#4 C:\xampp_php7\htdocs\codeigniter4\system\Commands\Server\rewrite.php(43): require_once('C:\\xampp_php7\\h...')
#5 {main}
CRITICAL - 2022-05-10 10:12:11 --> Class 'App\Filters\LogFilter' not found
#0 C:\xampp_php7\htdocs\codeigniter4\system\CodeIgniter.php(393): CodeIgniter\Filters\Filters->run('api/usuario/99', 'before')
#1 C:\xampp_php7\htdocs\codeigniter4\system\CodeIgniter.php(326): CodeIgniter\CodeIgniter->handleRequest(NULL, Object(Config\Cache), false)
#2 C:\xampp_php7\htdocs\codeigniter4\public\index.php(37): CodeIgniter\CodeIgniter->run()
#3 C:\xampp_php7\htdocs\codeigniter4\system\Commands\Server\rewrite.php(43): require_once('C:\\xampp_php7\\h...')
#4 {main}
CRITICAL - 2022-05-10 10:15:06 --> Class 'App\Filters\LogFilter' not found
#0 C:\xampp_php7\htdocs\codeigniter4\system\CodeIgniter.php(393): CodeIgniter\Filters\Filters->run('api/usuario/99', 'before')
#1 C:\xampp_php7\htdocs\codeigniter4\system\CodeIgniter.php(326): CodeIgniter\CodeIgniter->handleRequest(NULL, Object(Config\Cache), false)
#2 C:\xampp_php7\htdocs\codeigniter4\public\index.php(37): CodeIgniter\CodeIgniter->run()
#3 C:\xampp_php7\htdocs\codeigniter4\system\Commands\Server\rewrite.php(43): require_once('C:\\xampp_php7\\h...')
#4 {main}
CRITICAL - 2022-05-10 10:35:58 --> syntax error, unexpected 'catch' (T_CATCH), expecting function (T_FUNCTION) or const (T_CONST)
#0 C:\xampp_php7\htdocs\codeigniter4\system\Autoloader\Autoloader.php(241): CodeIgniter\Autoloader\Autoloader->includeFile('C:\\xampp_php7\\h...')
#1 C:\xampp_php7\htdocs\codeigniter4\system\Autoloader\Autoloader.php(219): CodeIgniter\Autoloader\Autoloader->loadInNamespace('Config\\Filters')
#2 [internal function]: CodeIgniter\Autoloader\Autoloader->loadClass('Config\\Filters')
#3 [internal function]: spl_autoload_call('Config\\Filters')
#4 C:\xampp_php7\htdocs\codeigniter4\system\Config\Factories.php(136): class_exists('Config\\Filters')
#5 C:\xampp_php7\htdocs\codeigniter4\system\Config\Factories.php(106): CodeIgniter\Config\Factories::locateClass(Array, 'Filters')
#6 C:\xampp_php7\htdocs\codeigniter4\system\Common.php(198): CodeIgniter\Config\Factories::__callStatic('config', Array)
#7 C:\xampp_php7\htdocs\codeigniter4\system\Config\Services.php(258): config('Filters')
#8 C:\xampp_php7\htdocs\codeigniter4\system\Config\BaseService.php(248): CodeIgniter\Config\Services::filters(NULL, false)
#9 C:\xampp_php7\htdocs\codeigniter4\system\Config\BaseService.php(189): CodeIgniter\Config\BaseService::__callStatic('filters', Array)
#10 C:\xampp_php7\htdocs\codeigniter4\system\Config\Services.php(255): CodeIgniter\Config\BaseService::getSharedInstance('filters', NULL)
#11 C:\xampp_php7\htdocs\codeigniter4\system\Config\BaseService.php(248): CodeIgniter\Config\Services::filters()
#12 C:\xampp_php7\htdocs\codeigniter4\system\CodeIgniter.php(373): CodeIgniter\Config\BaseService::__callStatic('filters', Array)
#13 C:\xampp_php7\htdocs\codeigniter4\system\CodeIgniter.php(326): CodeIgniter\CodeIgniter->handleRequest(NULL, Object(Config\Cache), false)
#14 C:\xampp_php7\htdocs\codeigniter4\public\index.php(37): CodeIgniter\CodeIgniter->run()
#15 C:\xampp_php7\htdocs\codeigniter4\system\Commands\Server\rewrite.php(43): require_once('C:\\xampp_php7\\h...')
#16 {main}
CRITICAL - 2022-05-10 11:16:29 --> Object of class stdClass could not be converted to string
#0 C:\xampp_php7\htdocs\codeigniter4\app\Config\Filters.php(121): Firebase\JWT\JWT::decode('eyJ0eXAiOiJKV1Q...', 'key_prueba_ingr...', Array)
#1 C:\xampp_php7\htdocs\codeigniter4\system\Filters\Filters.php(173): Config\LogFilter->before(Object(CodeIgniter\HTTP\IncomingRequest), NULL)
#2 C:\xampp_php7\htdocs\codeigniter4\system\CodeIgniter.php(393): CodeIgniter\Filters\Filters->run('api/usuario/99', 'before')
#3 C:\xampp_php7\htdocs\codeigniter4\system\CodeIgniter.php(326): CodeIgniter\CodeIgniter->handleRequest(NULL, Object(Config\Cache), false)
#4 C:\xampp_php7\htdocs\codeigniter4\public\index.php(37): CodeIgniter\CodeIgniter->run()
#5 C:\xampp_php7\htdocs\codeigniter4\system\Commands\Server\rewrite.php(43): require_once('C:\\xampp_php7\\h...')
#6 {main}
CRITICAL - 2022-05-10 11:47:40 --> Argument 3 passed to Firebase\JWT\JWT::encode() must be of the type string, array given, called in C:\xampp_php7\htdocs\codeigniter4\app\Config\Filters.php on line 101
#0 C:\xampp_php7\htdocs\codeigniter4\app\Config\Filters.php(101): Firebase\JWT\JWT::encode(Array, 'key_prueba_ingr...', Array)
#1 C:\xampp_php7\htdocs\codeigniter4\system\Filters\Filters.php(173): Config\LogFilter->before(Object(CodeIgniter\HTTP\IncomingRequest), NULL)
#2 C:\xampp_php7\htdocs\codeigniter4\system\CodeIgniter.php(393): CodeIgniter\Filters\Filters->run('api/usuario/99', 'before')
#3 C:\xampp_php7\htdocs\codeigniter4\system\CodeIgniter.php(326): CodeIgniter\CodeIgniter->handleRequest(NULL, Object(Config\Cache), false)
#4 C:\xampp_php7\htdocs\codeigniter4\public\index.php(37): CodeIgniter\CodeIgniter->run()
#5 C:\xampp_php7\htdocs\codeigniter4\system\Commands\Server\rewrite.php(43): require_once('C:\\xampp_php7\\h...')
#6 {main}
CRITICAL - 2022-05-10 11:52:07 --> $keyOrKeyArray must be an instance of Firebase\JWT\Key key or an array of Firebase\JWT\Key keys
#0 C:\xampp_php7\htdocs\codeigniter4\vendor\firebase\php-jwt\src\JWT.php(132): Firebase\JWT\JWT::getKey(Object(stdClass), NULL)
#1 C:\xampp_php7\htdocs\codeigniter4\app\Config\Filters.php(121): Firebase\JWT\JWT::decode('eyJ0eXAiOiJKV1Q...', 'key_prueba_ingr...', Array)
#2 C:\xampp_php7\htdocs\codeigniter4\system\Filters\Filters.php(173): Config\LogFilter->before(Object(CodeIgniter\HTTP\IncomingRequest), NULL)
#3 C:\xampp_php7\htdocs\codeigniter4\system\CodeIgniter.php(393): CodeIgniter\Filters\Filters->run('api/usuario/99', 'before')
#4 C:\xampp_php7\htdocs\codeigniter4\system\CodeIgniter.php(326): CodeIgniter\CodeIgniter->handleRequest(NULL, Object(Config\Cache), false)
#5 C:\xampp_php7\htdocs\codeigniter4\public\index.php(37): CodeIgniter\CodeIgniter->run()
#6 C:\xampp_php7\htdocs\codeigniter4\system\Commands\Server\rewrite.php(43): require_once('C:\\xampp_php7\\h...')
#7 {main}
ERROR - 2022-05-10 12:17:08 --> Error connecting to the database: No connection could be made because the target machine actively refused it.

CRITICAL - 2022-05-10 12:17:08 --> Unable to connect to the database.
Main connection [MySQLi]: No connection could be made because the target machine actively refused it.

#0 C:\xampp_php7\htdocs\codeigniter4\system\Database\BaseConnection.php(577): CodeIgniter\Database\BaseConnection->initialize()
#1 C:\xampp_php7\htdocs\codeigniter4\system\Database\BaseBuilder.php(1455): CodeIgniter\Database\BaseConnection->query('SELECT *\nFROM `...', Array, false)
#2 C:\xampp_php7\htdocs\codeigniter4\system\Model.php(145): CodeIgniter\Database\BaseBuilder->get()
#3 C:\xampp_php7\htdocs\codeigniter4\system\BaseModel.php(523): CodeIgniter\Model->doFind(false, NULL)
#4 C:\xampp_php7\htdocs\codeigniter4\app\Controllers\Home.php(58): CodeIgniter\BaseModel->find()
#5 C:\xampp_php7\htdocs\codeigniter4\system\CodeIgniter.php(832): App\Controllers\Home->log()
#6 C:\xampp_php7\htdocs\codeigniter4\system\CodeIgniter.php(419): CodeIgniter\CodeIgniter->runController(Object(App\Controllers\Home))
#7 C:\xampp_php7\htdocs\codeigniter4\system\CodeIgniter.php(326): CodeIgniter\CodeIgniter->handleRequest(NULL, Object(Config\Cache), false)
#8 C:\xampp_php7\htdocs\codeigniter4\public\index.php(37): CodeIgniter\CodeIgniter->run()
#9 C:\xampp_php7\htdocs\codeigniter4\system\Commands\Server\rewrite.php(43): require_once('C:\\xampp_php7\\h...')
#10 {main}
CRITICAL - 2022-05-10 13:00:11 --> Argument 2 passed to Firebase\JWT\JWT::getKey() must be of the type string or null, object given, called in C:\xampp_php7\htdocs\codeigniter4\vendor\firebase\php-jwt\src\JWT.php on line 133
#0 C:\xampp_php7\htdocs\codeigniter4\vendor\firebase\php-jwt\src\JWT.php(133): Firebase\JWT\JWT::getKey('key_prueba_ingr...', Object(stdClass))
#1 C:\xampp_php7\htdocs\codeigniter4\app\Config\Filters.php(112): Firebase\JWT\JWT::decode('eyJ0eXAiOiJKV1Q...', 'key_prueba_ingr...', Array)
#2 C:\xampp_php7\htdocs\codeigniter4\system\Filters\Filters.php(173): Config\LogFilter->before(Object(CodeIgniter\HTTP\IncomingRequest), NULL)
#3 C:\xampp_php7\htdocs\codeigniter4\system\CodeIgniter.php(393): CodeIgniter\Filters\Filters->run('api/usuario/99', 'before')
#4 C:\xampp_php7\htdocs\codeigniter4\system\CodeIgniter.php(326): CodeIgniter\CodeIgniter->handleRequest(NULL, Object(Config\Cache), false)
#5 C:\xampp_php7\htdocs\codeigniter4\public\index.php(37): CodeIgniter\CodeIgniter->run()
#6 C:\xampp_php7\htdocs\codeigniter4\system\Commands\Server\rewrite.php(43): require_once('C:\\xampp_php7\\h...')
#7 {main}
CRITICAL - 2022-05-10 13:01:39 --> Argument 2 passed to Firebase\JWT\JWT::getKey() must be of the type string or null, object given, called in C:\xampp_php7\htdocs\codeigniter4\vendor\firebase\php-jwt\src\JWT.php on line 133
#0 C:\xampp_php7\htdocs\codeigniter4\vendor\firebase\php-jwt\src\JWT.php(133): Firebase\JWT\JWT::getKey('key_prueba_ingr...', Object(stdClass))
#1 C:\xampp_php7\htdocs\codeigniter4\app\Config\Filters.php(112): Firebase\JWT\JWT::decode('eyJ0eXAiOiJKV1Q...', 'key_prueba_ingr...', Array)
#2 C:\xampp_php7\htdocs\codeigniter4\system\Filters\Filters.php(173): Config\LogFilter->before(Object(CodeIgniter\HTTP\IncomingRequest), NULL)
#3 C:\xampp_php7\htdocs\codeigniter4\system\CodeIgniter.php(393): CodeIgniter\Filters\Filters->run('api/usuario/99', 'before')
#4 C:\xampp_php7\htdocs\codeigniter4\system\CodeIgniter.php(326): CodeIgniter\CodeIgniter->handleRequest(NULL, Object(Config\Cache), false)
#5 C:\xampp_php7\htdocs\codeigniter4\public\index.php(37): CodeIgniter\CodeIgniter->run()
#6 C:\xampp_php7\htdocs\codeigniter4\system\Commands\Server\rewrite.php(43): require_once('C:\\xampp_php7\\h...')
#7 {main}
CRITICAL - 2022-05-10 13:08:28 --> Call to a member function getAlgorithm() on null
#0 C:\xampp_php7\htdocs\codeigniter4\app\Config\Filters.php(112): Firebase\JWT\JWT::decode('eyJ0eXAiOiJKV1Q...', 'key_prueba_ingr...', Array)
#1 C:\xampp_php7\htdocs\codeigniter4\system\Filters\Filters.php(173): Config\LogFilter->before(Object(CodeIgniter\HTTP\IncomingRequest), NULL)
#2 C:\xampp_php7\htdocs\codeigniter4\system\CodeIgniter.php(393): CodeIgniter\Filters\Filters->run('api/usuario/99', 'before')
#3 C:\xampp_php7\htdocs\codeigniter4\system\CodeIgniter.php(326): CodeIgniter\CodeIgniter->handleRequest(NULL, Object(Config\Cache), false)
#4 C:\xampp_php7\htdocs\codeigniter4\public\index.php(37): CodeIgniter\CodeIgniter->run()
#5 C:\xampp_php7\htdocs\codeigniter4\system\Commands\Server\rewrite.php(43): require_once('C:\\xampp_php7\\h...')
#6 {main}
CRITICAL - 2022-05-10 13:28:38 --> Class 'Config\Key' not found
#0 C:\xampp_php7\htdocs\codeigniter4\system\Filters\Filters.php(173): Config\LogFilter->before(Object(CodeIgniter\HTTP\IncomingRequest), NULL)
#1 C:\xampp_php7\htdocs\codeigniter4\system\CodeIgniter.php(393): CodeIgniter\Filters\Filters->run('api/usuario/99', 'before')
#2 C:\xampp_php7\htdocs\codeigniter4\system\CodeIgniter.php(326): CodeIgniter\CodeIgniter->handleRequest(NULL, Object(Config\Cache), false)
#3 C:\xampp_php7\htdocs\codeigniter4\public\index.php(37): CodeIgniter\CodeIgniter->run()
#4 C:\xampp_php7\htdocs\codeigniter4\system\Commands\Server\rewrite.php(43): require_once('C:\\xampp_php7\\h...')
#5 {main}
ERROR - 2022-05-10 18:19:58 --> Error connecting to the database: No connection could be made because the target machine actively refused it.

CRITICAL - 2022-05-10 18:19:58 --> Unable to connect to the database.
Main connection [MySQLi]: No connection could be made because the target machine actively refused it.

#0 C:\xampp_php7\htdocs\codeigniter4\system\Database\BaseConnection.php(577): CodeIgniter\Database\BaseConnection->initialize()
#1 C:\xampp_php7\htdocs\codeigniter4\system\Database\BaseBuilder.php(1455): CodeIgniter\Database\BaseConnection->query('SELECT *\nFROM `...', Array, false)
#2 C:\xampp_php7\htdocs\codeigniter4\system\Model.php(142): CodeIgniter\Database\BaseBuilder->get()
#3 C:\xampp_php7\htdocs\codeigniter4\system\BaseModel.php(523): CodeIgniter\Model->doFind(true, '99')
#4 C:\xampp_php7\htdocs\codeigniter4\app\Controllers\API\Clientes.php(17): CodeIgniter\BaseModel->find('99')
#5 C:\xampp_php7\htdocs\codeigniter4\system\CodeIgniter.php(832): App\Controllers\API\Clientes->GetUser('99')
#6 C:\xampp_php7\htdocs\codeigniter4\system\CodeIgniter.php(419): CodeIgniter\CodeIgniter->runController(Object(App\Controllers\API\Clientes))
#7 C:\xampp_php7\htdocs\codeigniter4\system\CodeIgniter.php(326): CodeIgniter\CodeIgniter->handleRequest(NULL, Object(Config\Cache), false)
#8 C:\xampp_php7\htdocs\codeigniter4\public\index.php(37): CodeIgniter\CodeIgniter->run()
#9 C:\xampp_php7\htdocs\codeigniter4\system\Commands\Server\rewrite.php(43): require_once('C:\\xampp_php7\\h...')
#10 {main}
CRITICAL - 2022-05-10 20:03:30 --> syntax error, unexpected '$routes' (T_VARIABLE), expecting ')'
#0 C:\xampp_php7\htdocs\codeigniter4\system\CodeIgniter.php(368): CodeIgniter\CodeIgniter->tryToRouteIt(NULL)
#1 C:\xampp_php7\htdocs\codeigniter4\system\CodeIgniter.php(326): CodeIgniter\CodeIgniter->handleRequest(NULL, Object(Config\Cache), false)
#2 C:\xampp_php7\htdocs\codeigniter4\public\index.php(37): CodeIgniter\CodeIgniter->run()
#3 C:\xampp_php7\htdocs\codeigniter4\system\Commands\Server\rewrite.php(43): require_once('C:\\xampp_php7\\h...')
#4 {main}
CRITICAL - 2022-05-10 20:04:17 --> syntax error, unexpected '$routes' (T_VARIABLE), expecting ')'
#0 C:\xampp_php7\htdocs\codeigniter4\system\CodeIgniter.php(368): CodeIgniter\CodeIgniter->tryToRouteIt(NULL)
#1 C:\xampp_php7\htdocs\codeigniter4\system\CodeIgniter.php(326): CodeIgniter\CodeIgniter->handleRequest(NULL, Object(Config\Cache), false)
#2 C:\xampp_php7\htdocs\codeigniter4\public\index.php(37): CodeIgniter\CodeIgniter->run()
#3 C:\xampp_php7\htdocs\codeigniter4\system\Commands\Server\rewrite.php(43): require_once('C:\\xampp_php7\\h...')
#4 {main}
CRITICAL - 2022-05-10 20:12:26 --> Call to undefined method App\Controllers\Home::faildNotFound()
#0 C:\xampp_php7\htdocs\codeigniter4\system\CodeIgniter.php(832): App\Controllers\Home->log()
#1 C:\xampp_php7\htdocs\codeigniter4\system\CodeIgniter.php(419): CodeIgniter\CodeIgniter->runController(Object(App\Controllers\Home))
#2 C:\xampp_php7\htdocs\codeigniter4\system\CodeIgniter.php(326): CodeIgniter\CodeIgniter->handleRequest(NULL, Object(Config\Cache), false)
#3 C:\xampp_php7\htdocs\codeigniter4\public\index.php(37): CodeIgniter\CodeIgniter->run()
#4 C:\xampp_php7\htdocs\codeigniter4\system\Commands\Server\rewrite.php(43): require_once('C:\\xampp_php7\\h...')
#5 {main}
CRITICAL - 2022-05-10 20:35:06 --> Call to undefined method App\Controllers\Home::faildNotFound()
#0 C:\xampp_php7\htdocs\codeigniter4\system\CodeIgniter.php(832): App\Controllers\Home->log()
#1 C:\xampp_php7\htdocs\codeigniter4\system\CodeIgniter.php(419): CodeIgniter\CodeIgniter->runController(Object(App\Controllers\Home))
#2 C:\xampp_php7\htdocs\codeigniter4\system\CodeIgniter.php(326): CodeIgniter\CodeIgniter->handleRequest(NULL, Object(Config\Cache), false)
#3 C:\xampp_php7\htdocs\codeigniter4\public\index.php(37): CodeIgniter\CodeIgniter->run()
#4 C:\xampp_php7\htdocs\codeigniter4\system\Commands\Server\rewrite.php(43): require_once('C:\\xampp_php7\\h...')
#5 {main}
CRITICAL - 2022-05-10 20:35:41 --> Call to undefined method App\Controllers\Home::faildNotFound()
#0 C:\xampp_php7\htdocs\codeigniter4\system\CodeIgniter.php(832): App\Controllers\Home->log()
#1 C:\xampp_php7\htdocs\codeigniter4\system\CodeIgniter.php(419): CodeIgniter\CodeIgniter->runController(Object(App\Controllers\Home))
#2 C:\xampp_php7\htdocs\codeigniter4\system\CodeIgniter.php(326): CodeIgniter\CodeIgniter->handleRequest(NULL, Object(Config\Cache), false)
#3 C:\xampp_php7\htdocs\codeigniter4\public\index.php(37): CodeIgniter\CodeIgniter->run()
#4 C:\xampp_php7\htdocs\codeigniter4\system\Commands\Server\rewrite.php(43): require_once('C:\\xampp_php7\\h...')
#5 {main}
CRITICAL - 2022-05-10 20:36:18 --> Call to undefined method App\Controllers\Home::faildNotFound()
#0 C:\xampp_php7\htdocs\codeigniter4\system\CodeIgniter.php(832): App\Controllers\Home->log()
#1 C:\xampp_php7\htdocs\codeigniter4\system\CodeIgniter.php(419): CodeIgniter\CodeIgniter->runController(Object(App\Controllers\Home))
#2 C:\xampp_php7\htdocs\codeigniter4\system\CodeIgniter.php(326): CodeIgniter\CodeIgniter->handleRequest(NULL, Object(Config\Cache), false)
#3 C:\xampp_php7\htdocs\codeigniter4\public\index.php(37): CodeIgniter\CodeIgniter->run()
#4 C:\xampp_php7\htdocs\codeigniter4\system\Commands\Server\rewrite.php(43): require_once('C:\\xampp_php7\\h...')
#5 {main}
CRITICAL - 2022-05-10 20:52:19 --> throttle filter must have a matching alias defined.
#0 C:\xampp_php7\htdocs\codeigniter4\system\Filters\Filters.php(493): CodeIgniter\Filters\Exceptions\FilterException::forNoAlias('throttle')
#1 C:\xampp_php7\htdocs\codeigniter4\system\Filters\Filters.php(243): CodeIgniter\Filters\Filters->processAliasesToClass('before')
#2 C:\xampp_php7\htdocs\codeigniter4\system\Filters\Filters.php(163): CodeIgniter\Filters\Filters->initialize('api/usuarios')
#3 C:\xampp_php7\htdocs\codeigniter4\system\CodeIgniter.php(393): CodeIgniter\Filters\Filters->run('api/usuarios', 'before')
#4 C:\xampp_php7\htdocs\codeigniter4\system\CodeIgniter.php(326): CodeIgniter\CodeIgniter->handleRequest(NULL, Object(Config\Cache), false)
#5 C:\xampp_php7\htdocs\codeigniter4\public\index.php(37): CodeIgniter\CodeIgniter->run()
#6 C:\xampp_php7\htdocs\codeigniter4\system\Commands\Server\rewrite.php(43): require_once('C:\\xampp_php7\\h...')
#7 {main}
CRITICAL - 2022-05-10 20:53:41 --> throttle filter must have a matching alias defined.
#0 C:\xampp_php7\htdocs\codeigniter4\system\Filters\Filters.php(493): CodeIgniter\Filters\Exceptions\FilterException::forNoAlias('throttle')
#1 C:\xampp_php7\htdocs\codeigniter4\system\Filters\Filters.php(243): CodeIgniter\Filters\Filters->processAliasesToClass('before')
#2 C:\xampp_php7\htdocs\codeigniter4\system\Filters\Filters.php(163): CodeIgniter\Filters\Filters->initialize('api/usuarios/')
#3 C:\xampp_php7\htdocs\codeigniter4\system\CodeIgniter.php(393): CodeIgniter\Filters\Filters->run('api/usuarios/', 'before')
#4 C:\xampp_php7\htdocs\codeigniter4\system\CodeIgniter.php(326): CodeIgniter\CodeIgniter->handleRequest(NULL, Object(Config\Cache), false)
#5 C:\xampp_php7\htdocs\codeigniter4\public\index.php(37): CodeIgniter\CodeIgniter->run()
#6 C:\xampp_php7\htdocs\codeigniter4\system\Commands\Server\rewrite.php(43): require_once('C:\\xampp_php7\\h...')
#7 {main}
CRITICAL - 2022-05-10 20:55:01 --> throttle filter must have a matching alias defined.
#0 C:\xampp_php7\htdocs\codeigniter4\system\Filters\Filters.php(493): CodeIgniter\Filters\Exceptions\FilterException::forNoAlias('throttle')
#1 C:\xampp_php7\htdocs\codeigniter4\system\Filters\Filters.php(243): CodeIgniter\Filters\Filters->processAliasesToClass('before')
#2 C:\xampp_php7\htdocs\codeigniter4\system\Filters\Filters.php(163): CodeIgniter\Filters\Filters->initialize('api/login')
#3 C:\xampp_php7\htdocs\codeigniter4\system\CodeIgniter.php(393): CodeIgniter\Filters\Filters->run('api/login', 'before')
#4 C:\xampp_php7\htdocs\codeigniter4\system\CodeIgniter.php(326): CodeIgniter\CodeIgniter->handleRequest(NULL, Object(Config\Cache), false)
#5 C:\xampp_php7\htdocs\codeigniter4\public\index.php(37): CodeIgniter\CodeIgniter->run()
#6 C:\xampp_php7\htdocs\codeigniter4\system\Commands\Server\rewrite.php(43): require_once('C:\\xampp_php7\\h...')
#7 {main}
CRITICAL - 2022-05-10 20:56:00 --> throttle filter must have a matching alias defined.
#0 C:\xampp_php7\htdocs\codeigniter4\system\Filters\Filters.php(493): CodeIgniter\Filters\Exceptions\FilterException::forNoAlias('throttle')
#1 C:\xampp_php7\htdocs\codeigniter4\system\Filters\Filters.php(243): CodeIgniter\Filters\Filters->processAliasesToClass('before')
#2 C:\xampp_php7\htdocs\codeigniter4\system\Filters\Filters.php(163): CodeIgniter\Filters\Filters->initialize('api/login')
#3 C:\xampp_php7\htdocs\codeigniter4\system\CodeIgniter.php(393): CodeIgniter\Filters\Filters->run('api/login', 'before')
#4 C:\xampp_php7\htdocs\codeigniter4\system\CodeIgniter.php(326): CodeIgniter\CodeIgniter->handleRequest(NULL, Object(Config\Cache), false)
#5 C:\xampp_php7\htdocs\codeigniter4\public\index.php(37): CodeIgniter\CodeIgniter->run()
#6 C:\xampp_php7\htdocs\codeigniter4\system\Commands\Server\rewrite.php(43): require_once('C:\\xampp_php7\\h...')
#7 {main}
CRITICAL - 2022-05-10 20:56:28 --> throttle filter must have a matching alias defined.
#0 C:\xampp_php7\htdocs\codeigniter4\system\Filters\Filters.php(493): CodeIgniter\Filters\Exceptions\FilterException::forNoAlias('throttle')
#1 C:\xampp_php7\htdocs\codeigniter4\system\Filters\Filters.php(243): CodeIgniter\Filters\Filters->processAliasesToClass('before')
#2 C:\xampp_php7\htdocs\codeigniter4\system\Filters\Filters.php(163): CodeIgniter\Filters\Filters->initialize('api/login')
#3 C:\xampp_php7\htdocs\codeigniter4\system\CodeIgniter.php(393): CodeIgniter\Filters\Filters->run('api/login', 'before')
#4 C:\xampp_php7\htdocs\codeigniter4\system\CodeIgniter.php(326): CodeIgniter\CodeIgniter->handleRequest(NULL, Object(Config\Cache), false)
#5 C:\xampp_php7\htdocs\codeigniter4\public\index.php(37): CodeIgniter\CodeIgniter->run()
#6 C:\xampp_php7\htdocs\codeigniter4\system\Commands\Server\rewrite.php(43): require_once('C:\\xampp_php7\\h...')
#7 {main}
CRITICAL - 2022-05-10 20:57:43 --> throttle filter must have a matching alias defined.
#0 C:\xampp_php7\htdocs\codeigniter4\system\Filters\Filters.php(493): CodeIgniter\Filters\Exceptions\FilterException::forNoAlias('throttle')
#1 C:\xampp_php7\htdocs\codeigniter4\system\Filters\Filters.php(243): CodeIgniter\Filters\Filters->processAliasesToClass('before')
#2 C:\xampp_php7\htdocs\codeigniter4\system\Filters\Filters.php(163): CodeIgniter\Filters\Filters->initialize('login')
#3 C:\xampp_php7\htdocs\codeigniter4\system\CodeIgniter.php(393): CodeIgniter\Filters\Filters->run('login', 'before')
#4 C:\xampp_php7\htdocs\codeigniter4\system\CodeIgniter.php(326): CodeIgniter\CodeIgniter->handleRequest(NULL, Object(Config\Cache), false)
#5 C:\xampp_php7\htdocs\codeigniter4\public\index.php(37): CodeIgniter\CodeIgniter->run()
#6 C:\xampp_php7\htdocs\codeigniter4\system\Commands\Server\rewrite.php(43): require_once('C:\\xampp_php7\\h...')
#7 {main}
CRITICAL - 2022-05-10 21:00:28 --> throttle filter must have a matching alias defined.
#0 C:\xampp_php7\htdocs\codeigniter4\system\Filters\Filters.php(493): CodeIgniter\Filters\Exceptions\FilterException::forNoAlias('throttle')
#1 C:\xampp_php7\htdocs\codeigniter4\system\Filters\Filters.php(243): CodeIgniter\Filters\Filters->processAliasesToClass('before')
#2 C:\xampp_php7\htdocs\codeigniter4\system\Filters\Filters.php(163): CodeIgniter\Filters\Filters->initialize('login')
#3 C:\xampp_php7\htdocs\codeigniter4\system\CodeIgniter.php(393): CodeIgniter\Filters\Filters->run('login', 'before')
#4 C:\xampp_php7\htdocs\codeigniter4\system\CodeIgniter.php(326): CodeIgniter\CodeIgniter->handleRequest(NULL, Object(Config\Cache), false)
#5 C:\xampp_php7\htdocs\codeigniter4\public\index.php(37): CodeIgniter\CodeIgniter->run()
#6 C:\xampp_php7\htdocs\codeigniter4\system\Commands\Server\rewrite.php(43): require_once('C:\\xampp_php7\\h...')
#7 {main}
CRITICAL - 2022-05-10 21:00:46 --> throttle filter must have a matching alias defined.
#0 C:\xampp_php7\htdocs\codeigniter4\system\Filters\Filters.php(493): CodeIgniter\Filters\Exceptions\FilterException::forNoAlias('throttle')
#1 C:\xampp_php7\htdocs\codeigniter4\system\Filters\Filters.php(243): CodeIgniter\Filters\Filters->processAliasesToClass('before')
#2 C:\xampp_php7\htdocs\codeigniter4\system\Filters\Filters.php(163): CodeIgniter\Filters\Filters->initialize('login')
#3 C:\xampp_php7\htdocs\codeigniter4\system\CodeIgniter.php(393): CodeIgniter\Filters\Filters->run('login', 'before')
#4 C:\xampp_php7\htdocs\codeigniter4\system\CodeIgniter.php(326): CodeIgniter\CodeIgniter->handleRequest(NULL, Object(Config\Cache), false)
#5 C:\xampp_php7\htdocs\codeigniter4\public\index.php(37): CodeIgniter\CodeIgniter->run()
#6 C:\xampp_php7\htdocs\codeigniter4\system\Commands\Server\rewrite.php(43): require_once('C:\\xampp_php7\\h...')
#7 {main}
CRITICAL - 2022-05-10 21:01:10 --> throttle filter must have a matching alias defined.
#0 C:\xampp_php7\htdocs\codeigniter4\system\Filters\Filters.php(493): CodeIgniter\Filters\Exceptions\FilterException::forNoAlias('throttle')
#1 C:\xampp_php7\htdocs\codeigniter4\system\Filters\Filters.php(243): CodeIgniter\Filters\Filters->processAliasesToClass('before')
#2 C:\xampp_php7\htdocs\codeigniter4\system\Filters\Filters.php(163): CodeIgniter\Filters\Filters->initialize('login')
#3 C:\xampp_php7\htdocs\codeigniter4\system\CodeIgniter.php(393): CodeIgniter\Filters\Filters->run('login', 'before')
#4 C:\xampp_php7\htdocs\codeigniter4\system\CodeIgniter.php(326): CodeIgniter\CodeIgniter->handleRequest(NULL, Object(Config\Cache), false)
#5 C:\xampp_php7\htdocs\codeigniter4\public\index.php(37): CodeIgniter\CodeIgniter->run()
#6 C:\xampp_php7\htdocs\codeigniter4\system\Commands\Server\rewrite.php(43): require_once('C:\\xampp_php7\\h...')
#7 {main}
CRITICAL - 2022-05-10 21:01:49 --> syntax error, unexpected ')'
#0 C:\xampp_php7\htdocs\codeigniter4\system\CodeIgniter.php(368): CodeIgniter\CodeIgniter->tryToRouteIt(NULL)
#1 C:\xampp_php7\htdocs\codeigniter4\system\CodeIgniter.php(326): CodeIgniter\CodeIgniter->handleRequest(NULL, Object(Config\Cache), false)
#2 C:\xampp_php7\htdocs\codeigniter4\public\index.php(37): CodeIgniter\CodeIgniter->run()
#3 C:\xampp_php7\htdocs\codeigniter4\system\Commands\Server\rewrite.php(43): require_once('C:\\xampp_php7\\h...')
#4 {main}
CRITICAL - 2022-05-10 21:02:09 --> syntax error, unexpected ')'
#0 C:\xampp_php7\htdocs\codeigniter4\system\CodeIgniter.php(368): CodeIgniter\CodeIgniter->tryToRouteIt(NULL)
#1 C:\xampp_php7\htdocs\codeigniter4\system\CodeIgniter.php(326): CodeIgniter\CodeIgniter->handleRequest(NULL, Object(Config\Cache), false)
#2 C:\xampp_php7\htdocs\codeigniter4\public\index.php(37): CodeIgniter\CodeIgniter->run()
#3 C:\xampp_php7\htdocs\codeigniter4\system\Commands\Server\rewrite.php(43): require_once('C:\\xampp_php7\\h...')
#4 {main}
CRITICAL - 2022-05-10 21:02:32 --> throttle filter must have a matching alias defined.
#0 C:\xampp_php7\htdocs\codeigniter4\system\Filters\Filters.php(493): CodeIgniter\Filters\Exceptions\FilterException::forNoAlias('throttle')
#1 C:\xampp_php7\htdocs\codeigniter4\system\Filters\Filters.php(243): CodeIgniter\Filters\Filters->processAliasesToClass('before')
#2 C:\xampp_php7\htdocs\codeigniter4\system\Filters\Filters.php(163): CodeIgniter\Filters\Filters->initialize('login')
#3 C:\xampp_php7\htdocs\codeigniter4\system\CodeIgniter.php(393): CodeIgniter\Filters\Filters->run('login', 'before')
#4 C:\xampp_php7\htdocs\codeigniter4\system\CodeIgniter.php(326): CodeIgniter\CodeIgniter->handleRequest(NULL, Object(Config\Cache), false)
#5 C:\xampp_php7\htdocs\codeigniter4\public\index.php(37): CodeIgniter\CodeIgniter->run()
#6 C:\xampp_php7\htdocs\codeigniter4\system\Commands\Server\rewrite.php(43): require_once('C:\\xampp_php7\\h...')
#7 {main}
CRITICAL - 2022-05-10 21:03:26 --> throttle filter must have a matching alias defined.
#0 C:\xampp_php7\htdocs\codeigniter4\system\Filters\Filters.php(493): CodeIgniter\Filters\Exceptions\FilterException::forNoAlias('throttle')
#1 C:\xampp_php7\htdocs\codeigniter4\system\Filters\Filters.php(243): CodeIgniter\Filters\Filters->processAliasesToClass('before')
#2 C:\xampp_php7\htdocs\codeigniter4\system\Filters\Filters.php(163): CodeIgniter\Filters\Filters->initialize('login')
#3 C:\xampp_php7\htdocs\codeigniter4\system\CodeIgniter.php(393): CodeIgniter\Filters\Filters->run('login', 'before')
#4 C:\xampp_php7\htdocs\codeigniter4\system\CodeIgniter.php(326): CodeIgniter\CodeIgniter->handleRequest(NULL, Object(Config\Cache), false)
#5 C:\xampp_php7\htdocs\codeigniter4\public\index.php(37): CodeIgniter\CodeIgniter->run()
#6 C:\xampp_php7\htdocs\codeigniter4\system\Commands\Server\rewrite.php(43): require_once('C:\\xampp_php7\\h...')
#7 {main}
CRITICAL - 2022-05-10 21:08:31 --> Call to undefined method App\Controllers\Home::faildNotFound()
#0 C:\xampp_php7\htdocs\codeigniter4\system\CodeIgniter.php(832): App\Controllers\Home->log()
#1 C:\xampp_php7\htdocs\codeigniter4\system\CodeIgniter.php(419): CodeIgniter\CodeIgniter->runController(Object(App\Controllers\Home))
#2 C:\xampp_php7\htdocs\codeigniter4\system\CodeIgniter.php(326): CodeIgniter\CodeIgniter->handleRequest(NULL, Object(Config\Cache), false)
#3 C:\xampp_php7\htdocs\codeigniter4\public\index.php(37): CodeIgniter\CodeIgniter->run()
#4 C:\xampp_php7\htdocs\codeigniter4\system\Commands\Server\rewrite.php(43): require_once('C:\\xampp_php7\\h...')
#5 {main}
CRITICAL - 2022-05-10 21:09:50 --> Call to undefined method App\Controllers\Home::faildNotFound()
#0 C:\xampp_php7\htdocs\codeigniter4\system\CodeIgniter.php(832): App\Controllers\Home->log()
#1 C:\xampp_php7\htdocs\codeigniter4\system\CodeIgniter.php(419): CodeIgniter\CodeIgniter->runController(Object(App\Controllers\Home))
#2 C:\xampp_php7\htdocs\codeigniter4\system\CodeIgniter.php(326): CodeIgniter\CodeIgniter->handleRequest(NULL, Object(Config\Cache), false)
#3 C:\xampp_php7\htdocs\codeigniter4\public\index.php(37): CodeIgniter\CodeIgniter->run()
#4 C:\xampp_php7\htdocs\codeigniter4\system\Commands\Server\rewrite.php(43): require_once('C:\\xampp_php7\\h...')
#5 {main}
CRITICAL - 2022-05-10 21:10:52 --> Call to undefined method App\Controllers\Home::faildNotFound()
#0 C:\xampp_php7\htdocs\codeigniter4\system\CodeIgniter.php(832): App\Controllers\Home->log()
#1 C:\xampp_php7\htdocs\codeigniter4\system\CodeIgniter.php(419): CodeIgniter\CodeIgniter->runController(Object(App\Controllers\Home))
#2 C:\xampp_php7\htdocs\codeigniter4\system\CodeIgniter.php(326): CodeIgniter\CodeIgniter->handleRequest(NULL, Object(Config\Cache), false)
#3 C:\xampp_php7\htdocs\codeigniter4\public\index.php(37): CodeIgniter\CodeIgniter->run()
#4 C:\xampp_php7\htdocs\codeigniter4\system\Commands\Server\rewrite.php(43): require_once('C:\\xampp_php7\\h...')
#5 {main}
CRITICAL - 2022-05-10 21:11:52 --> Call to undefined method App\Controllers\Home::faildNotFound()
#0 C:\xampp_php7\htdocs\codeigniter4\system\CodeIgniter.php(832): App\Controllers\Home->log()
#1 C:\xampp_php7\htdocs\codeigniter4\system\CodeIgniter.php(419): CodeIgniter\CodeIgniter->runController(Object(App\Controllers\Home))
#2 C:\xampp_php7\htdocs\codeigniter4\system\CodeIgniter.php(326): CodeIgniter\CodeIgniter->handleRequest(NULL, Object(Config\Cache), false)
#3 C:\xampp_php7\htdocs\codeigniter4\public\index.php(37): CodeIgniter\CodeIgniter->run()
#4 C:\xampp_php7\htdocs\codeigniter4\system\Commands\Server\rewrite.php(43): require_once('C:\\xampp_php7\\h...')
#5 {main}
CRITICAL - 2022-05-10 21:29:41 --> Call to undefined method App\Controllers\Home::faildNotFound()
#0 C:\xampp_php7\htdocs\codeigniter4\system\CodeIgniter.php(832): App\Controllers\Home->log()
#1 C:\xampp_php7\htdocs\codeigniter4\system\CodeIgniter.php(419): CodeIgniter\CodeIgniter->runController(Object(App\Controllers\Home))
#2 C:\xampp_php7\htdocs\codeigniter4\system\CodeIgniter.php(326): CodeIgniter\CodeIgniter->handleRequest(NULL, Object(Config\Cache), false)
#3 C:\xampp_php7\htdocs\codeigniter4\public\index.php(37): CodeIgniter\CodeIgniter->run()
#4 C:\xampp_php7\htdocs\codeigniter4\system\Commands\Server\rewrite.php(43): require_once('C:\\xampp_php7\\h...')
#5 {main}
CRITICAL - 2022-05-10 21:30:21 --> Call to undefined method App\Controllers\Home::faildNotFound()
#0 C:\xampp_php7\htdocs\codeigniter4\system\CodeIgniter.php(832): App\Controllers\Home->log()
#1 C:\xampp_php7\htdocs\codeigniter4\system\CodeIgniter.php(419): CodeIgniter\CodeIgniter->runController(Object(App\Controllers\Home))
#2 C:\xampp_php7\htdocs\codeigniter4\system\CodeIgniter.php(326): CodeIgniter\CodeIgniter->handleRequest(NULL, Object(Config\Cache), false)
#3 C:\xampp_php7\htdocs\codeigniter4\public\index.php(37): CodeIgniter\CodeIgniter->run()
#4 C:\xampp_php7\htdocs\codeigniter4\system\Commands\Server\rewrite.php(43): require_once('C:\\xampp_php7\\h...')
#5 {main}
CRITICAL - 2022-05-10 21:41:22 --> Call to undefined method App\Controllers\Home::faildNotFound()
#0 C:\xampp_php7\htdocs\codeigniter4\system\CodeIgniter.php(832): App\Controllers\Home->log()
#1 C:\xampp_php7\htdocs\codeigniter4\system\CodeIgniter.php(419): CodeIgniter\CodeIgniter->runController(Object(App\Controllers\Home))
#2 C:\xampp_php7\htdocs\codeigniter4\system\CodeIgniter.php(326): CodeIgniter\CodeIgniter->handleRequest(NULL, Object(Config\Cache), false)
#3 C:\xampp_php7\htdocs\codeigniter4\public\index.php(37): CodeIgniter\CodeIgniter->run()
#4 C:\xampp_php7\htdocs\codeigniter4\system\Commands\Server\rewrite.php(43): require_once('C:\\xampp_php7\\h...')
#5 {main}
CRITICAL - 2022-05-10 23:01:04 --> Class 'App\Filters\Cors' not found
#0 C:\xampp_php7\htdocs\codeigniter4\system\CodeIgniter.php(393): CodeIgniter\Filters\Filters->run('api/usuarios', 'before')
#1 C:\xampp_php7\htdocs\codeigniter4\system\CodeIgniter.php(326): CodeIgniter\CodeIgniter->handleRequest(NULL, Object(Config\Cache), false)
#2 C:\xampp_php7\htdocs\codeigniter4\public\index.php(37): CodeIgniter\CodeIgniter->run()
#3 C:\xampp_php7\htdocs\codeigniter4\system\Commands\Server\rewrite.php(43): require_once('C:\\xampp_php7\\h...')
#4 {main}
CRITICAL - 2022-05-10 23:01:21 --> Class 'App\Filters\Cors' not found
#0 C:\xampp_php7\htdocs\codeigniter4\system\CodeIgniter.php(393): CodeIgniter\Filters\Filters->run('api/usuario/99', 'before')
#1 C:\xampp_php7\htdocs\codeigniter4\system\CodeIgniter.php(326): CodeIgniter\CodeIgniter->handleRequest(NULL, Object(Config\Cache), false)
#2 C:\xampp_php7\htdocs\codeigniter4\public\index.php(37): CodeIgniter\CodeIgniter->run()
#3 C:\xampp_php7\htdocs\codeigniter4\system\Commands\Server\rewrite.php(43): require_once('C:\\xampp_php7\\h...')
#4 {main}
CRITICAL - 2022-05-10 23:01:58 --> Class 'App\Filters\Cors' not found
#0 C:\xampp_php7\htdocs\codeigniter4\system\CodeIgniter.php(393): CodeIgniter\Filters\Filters->run('api/usuarios', 'before')
#1 C:\xampp_php7\htdocs\codeigniter4\system\CodeIgniter.php(326): CodeIgniter\CodeIgniter->handleRequest(NULL, Object(Config\Cache), false)
#2 C:\xampp_php7\htdocs\codeigniter4\public\index.php(37): CodeIgniter\CodeIgniter->run()
#3 C:\xampp_php7\htdocs\codeigniter4\system\Commands\Server\rewrite.php(43): require_once('C:\\xampp_php7\\h...')
#4 {main}
CRITICAL - 2022-05-10 23:02:33 --> syntax error, unexpected '<', expecting end of file
#0 C:\xampp_php7\htdocs\codeigniter4\system\Autoloader\Autoloader.php(241): CodeIgniter\Autoloader\Autoloader->includeFile('C:\\xampp_php7\\h...')
#1 C:\xampp_php7\htdocs\codeigniter4\system\Autoloader\Autoloader.php(219): CodeIgniter\Autoloader\Autoloader->loadInNamespace('Config\\Cors')
#2 [internal function]: CodeIgniter\Autoloader\Autoloader->loadClass('Config\\Cors')
#3 [internal function]: spl_autoload_call('Config\\Cors')
#4 C:\xampp_php7\htdocs\codeigniter4\system\Config\Factories.php(136): class_exists('Config\\Cors')
#5 C:\xampp_php7\htdocs\codeigniter4\system\Config\Factories.php(106): CodeIgniter\Config\Factories::locateClass(Array, 'Cors')
#6 C:\xampp_php7\htdocs\codeigniter4\vendor\agungsugiarto\codeigniter4-cors\src\Filters\CorsFilter.php(26): CodeIgniter\Config\Factories::__callStatic('config', Array)
#7 C:\xampp_php7\htdocs\codeigniter4\system\Filters\Filters.php(166): Fluent\Cors\Filters\CorsFilter->__construct()
#8 C:\xampp_php7\htdocs\codeigniter4\system\CodeIgniter.php(393): CodeIgniter\Filters\Filters->run('api/usuarios', 'before')
#9 C:\xampp_php7\htdocs\codeigniter4\system\CodeIgniter.php(326): CodeIgniter\CodeIgniter->handleRequest(NULL, Object(Config\Cache), false)
#10 C:\xampp_php7\htdocs\codeigniter4\public\index.php(37): CodeIgniter\CodeIgniter->run()
#11 C:\xampp_php7\htdocs\codeigniter4\system\Commands\Server\rewrite.php(43): require_once('C:\\xampp_php7\\h...')
#12 {main}
CRITICAL - 2022-05-10 23:02:41 --> syntax error, unexpected '<', expecting end of file
#0 C:\xampp_php7\htdocs\codeigniter4\system\Autoloader\Autoloader.php(241): CodeIgniter\Autoloader\Autoloader->includeFile('C:\\xampp_php7\\h...')
#1 C:\xampp_php7\htdocs\codeigniter4\system\Autoloader\Autoloader.php(219): CodeIgniter\Autoloader\Autoloader->loadInNamespace('Config\\Cors')
#2 [internal function]: CodeIgniter\Autoloader\Autoloader->loadClass('Config\\Cors')
#3 [internal function]: spl_autoload_call('Config\\Cors')
#4 C:\xampp_php7\htdocs\codeigniter4\system\Config\Factories.php(136): class_exists('Config\\Cors')
#5 C:\xampp_php7\htdocs\codeigniter4\system\Config\Factories.php(106): CodeIgniter\Config\Factories::locateClass(Array, 'Cors')
#6 C:\xampp_php7\htdocs\codeigniter4\vendor\agungsugiarto\codeigniter4-cors\src\Filters\CorsFilter.php(26): CodeIgniter\Config\Factories::__callStatic('config', Array)
#7 C:\xampp_php7\htdocs\codeigniter4\system\Filters\Filters.php(166): Fluent\Cors\Filters\CorsFilter->__construct()
#8 C:\xampp_php7\htdocs\codeigniter4\system\CodeIgniter.php(436): CodeIgniter\Filters\Filters->run('api/usuario/99', 'after')
#9 C:\xampp_php7\htdocs\codeigniter4\system\CodeIgniter.php(326): CodeIgniter\CodeIgniter->handleRequest(NULL, Object(Config\Cache), false)
#10 C:\xampp_php7\htdocs\codeigniter4\public\index.php(37): CodeIgniter\CodeIgniter->run()
#11 C:\xampp_php7\htdocs\codeigniter4\system\Commands\Server\rewrite.php(43): require_once('C:\\xampp_php7\\h...')
#12 {main}
CRITICAL - 2022-05-10 23:03:17 --> Class 'App\Filters\Cors' not found
#0 C:\xampp_php7\htdocs\codeigniter4\system\CodeIgniter.php(393): CodeIgniter\Filters\Filters->run('api/usuario/99', 'before')
#1 C:\xampp_php7\htdocs\codeigniter4\system\CodeIgniter.php(326): CodeIgniter\CodeIgniter->handleRequest(NULL, Object(Config\Cache), false)
#2 C:\xampp_php7\htdocs\codeigniter4\public\index.php(37): CodeIgniter\CodeIgniter->run()
#3 C:\xampp_php7\htdocs\codeigniter4\system\Commands\Server\rewrite.php(43): require_once('C:\\xampp_php7\\h...')
#4 {main}
CRITICAL - 2022-05-10 23:04:57 --> Class 'App\Filters\Cors' not found
#0 C:\xampp_php7\htdocs\codeigniter4\system\CodeIgniter.php(393): CodeIgniter\Filters\Filters->run('api/usuario/99', 'before')
#1 C:\xampp_php7\htdocs\codeigniter4\system\CodeIgniter.php(326): CodeIgniter\CodeIgniter->handleRequest(NULL, Object(Config\Cache), false)
#2 C:\xampp_php7\htdocs\codeigniter4\public\index.php(37): CodeIgniter\CodeIgniter->run()
#3 C:\xampp_php7\htdocs\codeigniter4\system\Commands\Server\rewrite.php(43): require_once('C:\\xampp_php7\\h...')
#4 {main}
CRITICAL - 2022-05-10 23:50:21 --> Call to undefined method App\Controllers\Home::faildNotFound()
#0 C:\xampp_php7\htdocs\codeigniter4\system\CodeIgniter.php(832): App\Controllers\Home->log()
#1 C:\xampp_php7\htdocs\codeigniter4\system\CodeIgniter.php(419): CodeIgniter\CodeIgniter->runController(Object(App\Controllers\Home))
#2 C:\xampp_php7\htdocs\codeigniter4\system\CodeIgniter.php(326): CodeIgniter\CodeIgniter->handleRequest(NULL, Object(Config\Cache), false)
#3 C:\xampp_php7\htdocs\codeigniter4\public\index.php(37): CodeIgniter\CodeIgniter->run()
#4 C:\xampp_php7\htdocs\codeigniter4\system\Commands\Server\rewrite.php(43): require_once('C:\\xampp_php7\\h...')
#5 {main}
